<?xml version="1.0" encoding="utf-8"?><testsuites name="pytest tests"><testsuite name="pytest" errors="0" failures="0" skipped="1" tests="1841" time="134.743" timestamp="2026-05-09T02:28:51.697755+09:00" hostname="yuki"><testcase classname="tests.test_automl_extra.TestAutoMLResult" name="test_construction" time="0.001" /><testcase classname="tests.test_automl_extra.TestAutoMLResult" name="test_with_oof" time="0.000" /><testcase classname="tests.test_automl_extra.TestAutoMLEngine" name="test_init_defaults" time="0.000" /><testcase classname="tests.test_automl_extra.TestAutoMLEngine" name="test_init_custom" time="0.000" /><testcase classname="tests.test_automl_extra.TestAutoMLEngine" name="test_detect_task_regression" time="0.000" /><testcase classname="tests.test_automl_extra.TestAutoMLEngine" name="test_detect_task_classification" time="0.000" /><testcase classname="tests.test_automl_extra.TestAutoMLEngine" name="test_detect_task_explicit" time="0.000" /><testcase classname="tests.test_automl_extra.TestAutoMLEngine" name="test_run_minimal" time="0.042" /><testcase classname="tests.test_automl_integration.TestAutoMLInit" name="test_default_init" time="0.000" /><testcase classname="tests.test_automl_integration.TestAutoMLInit" name="test_custom_init" time="0.000" /><testcase classname="tests.test_automl_integration.TestAutoMLRegression" name="test_basic_run" time="0.075" /><testcase classname="tests.test_automl_integration.TestAutoMLRegression" name="test_model_scores_populated" time="0.051" /><testcase classname="tests.test_automl_integration.TestAutoMLRegression" name="test_elapsed_time" time="0.053" /><testcase classname="tests.test_automl_integration.TestAutoMLRegression" name="test_progress_callback" time="0.054" /><testcase classname="tests.test_automl_integration.TestAutoMLClassification" name="test_basic_classification" time="0.029" /><testcase classname="tests.test_automl_integration.TestAutoMLClassification" name="test_auto_task_detection" time="0.028" /><testcase classname="tests.test_automl_integration.TestAutoMLResult" name="test_result_fields" time="0.050" /><testcase classname="tests.test_base_and_feature_gen.TestDescriptorResult" name="test_success_rate_all_success" time="0.000" /><testcase classname="tests.test_base_and_feature_gen.TestDescriptorResult" name="test_success_rate_partial" time="0.000" /><testcase classname="tests.test_base_and_feature_gen.TestDescriptorResult" name="test_success_rate_empty" time="0.000" /><testcase classname="tests.test_base_and_feature_gen.TestDescriptorResult" name="test_n_descriptors" time="0.000" /><testcase classname="tests.test_base_and_feature_gen.TestDescriptorMetadata" name="test_basic" time="0.000" /><testcase classname="tests.test_base_and_feature_gen.TestDescriptorMetadata" name="test_binary" time="0.000" /><testcase classname="tests.test_base_and_feature_gen.TestBaseChemAdapter" name="test_repr_available" time="0.000" /><testcase classname="tests.test_base_and_feature_gen.TestBaseChemAdapter" name="test_repr_unavailable" time="0.000" /><testcase classname="tests.test_base_and_feature_gen.TestBaseChemAdapter" name="test_require_available_raises" time="0.000" /><testcase classname="tests.test_base_and_feature_gen.TestBaseChemAdapter" name="test_get_descriptor_names_default" time="0.000" /><testcase classname="tests.test_base_and_feature_gen.TestBaseChemAdapter" name="test_get_descriptors_metadata_default" time="0.000" /><testcase classname="tests.test_base_and_feature_gen.TestBaseChemAdapter" name="test_compute" time="0.000" /><testcase classname="tests.test_base_and_feature_gen.TestFeatureGenConfig" name="test_defaults" time="0.000" /><testcase classname="tests.test_base_and_feature_gen.TestFeatureGenerator" name="test_passthrough" time="0.000" /><testcase classname="tests.test_base_and_feature_gen.TestFeatureGenerator" name="test_polynomial" time="0.001" /><testcase classname="tests.test_base_and_feature_gen.TestFeatureGenerator" name="test_interaction_only" time="0.001" /><testcase classname="tests.test_base_and_feature_gen.TestFeatureGenerator" name="test_get_feature_names_out_passthrough" time="0.000" /><testcase classname="tests.test_base_and_feature_gen.TestFeatureGenerator" name="test_get_feature_names_out_polynomial" time="0.001" /><testcase classname="tests.test_base_and_feature_gen.TestFeatureGenerator" name="test_n_output_features_passthrough" time="0.000" /><testcase classname="tests.test_base_and_feature_gen.TestFeatureGenerator" name="test_n_output_features_polynomial" time="0.000" /><testcase classname="tests.test_base_and_feature_gen.TestFeatureGenerator" name="test_numpy_input" time="0.000" /><testcase classname="tests.test_base_and_feature_gen.TestFeatureGenerator" name="test_with_bias" time="0.001" /><testcase classname="tests.test_bayesian_opt.TestVariable" name="test_continuous_variable" time="0.000" /><testcase classname="tests.test_bayesian_opt.TestVariable" name="test_discrete_variable" time="0.000" /><testcase classname="tests.test_bayesian_opt.TestVariable" name="test_categorical_variable" time="0.000" /><testcase classname="tests.test_bayesian_opt.TestVariable" name="test_missing_lo_hi_raises" time="0.000" /><testcase classname="tests.test_bayesian_opt.TestVariable" name="test_lo_greater_than_hi_raises" time="0.000" /><testcase classname="tests.test_bayesian_opt.TestVariable" name="test_discrete_no_step_raises" time="0.000" /><testcase classname="tests.test_bayesian_opt.TestVariable" name="test_categorical_no_categories_raises" time="0.000" /><testcase classname="tests.test_bayesian_opt.TestVariable" name="test_grid_values_continuous" time="0.000" /><testcase classname="tests.test_bayesian_opt.TestVariable" name="test_grid_values_discrete" time="0.000" /><testcase classname="tests.test_bayesian_opt.TestSearchSpace" name="test_dim" time="0.000" /><testcase classname="tests.test_bayesian_opt.TestSearchSpace" name="test_names" time="0.000" /><testcase classname="tests.test_bayesian_opt.TestSearchSpace" name="test_estimate_grid_size" time="0.000" /><testcase classname="tests.test_bayesian_opt.TestSearchSpace" name="test_generate_grid" time="0.001" /><testcase classname="tests.test_bayesian_opt.TestSearchSpace" name="test_generate_random" time="0.001" /><testcase classname="tests.test_bayesian_opt.TestSearchSpace" name="test_generate_lhs" time="0.001" /><testcase classname="tests.test_bayesian_opt.TestSearchSpace" name="test_auto_method_small" time="0.000" /><testcase classname="tests.test_bayesian_opt.TestSearchSpace" name="test_from_dataframe" time="0.001" /><testcase classname="tests.test_bayesian_opt.TestSearchSpace" name="test_empty_raises" time="0.000" /><testcase classname="tests.test_bayesian_opt.TestConstraints" name="test_range_constraint" time="0.001" /><testcase classname="tests.test_bayesian_opt.TestConstraints" name="test_sum_constraint" time="0.001" /><testcase classname="tests.test_bayesian_opt.TestConstraints" name="test_sum_constraint_strict" time="0.001" /><testcase classname="tests.test_bayesian_opt.TestConstraints" name="test_inequality_constraint" time="0.001" /><testcase classname="tests.test_bayesian_opt.TestConstraints" name="test_inequality_ge" time="0.001" /><testcase classname="tests.test_bayesian_opt.TestConstraints" name="test_at_least_one" time="0.001" /><testcase classname="tests.test_bayesian_opt.TestConstraints" name="test_at_least_one_none" time="0.001" /><testcase classname="tests.test_bayesian_opt.TestConstraints" name="test_custom_constraint" time="0.001" /><testcase classname="tests.test_bayesian_opt.TestConstraints" name="test_apply_constraints" time="0.001" /><testcase classname="tests.test_bayesian_opt.TestConstraints" name="test_describe" time="0.000" /><testcase classname="tests.test_bayesian_opt.TestBayesianOptimizer" name="test_fit_single" time="0.058" /><testcase classname="tests.test_bayesian_opt.TestBayesianOptimizer" name="test_predict" time="0.038" /><testcase classname="tests.test_bayesian_opt.TestBayesianOptimizer" name="test_suggest_single" time="0.052" /><testcase classname="tests.test_bayesian_opt.TestBayesianOptimizer" name="test_suggest_kriging_believer" time="0.345" /><testcase classname="tests.test_bayesian_opt.TestBayesianOptimizer" name="test_kb_candidates_diverse" time="0.400" /><testcase classname="tests.test_bayesian_opt.TestBayesianOptimizer" name="test_pi_acquisition" time="0.144" /><testcase classname="tests.test_bayesian_opt.TestBayesianOptimizer" name="test_ucb_acquisition" time="0.216" /><testcase classname="tests.test_bayesian_opt.TestBayesianOptimizer" name="test_ptr_acquisition" time="0.202" /><testcase classname="tests.test_bayesian_opt.TestBayesianOptimizer" name="test_doe_then_bo" time="0.042" /><testcase classname="tests.test_bayesian_opt.TestBayesianOptimizer" name="test_bo_then_doe" time="0.068" /><testcase classname="tests.test_bayesian_opt.TestBayesianOptimizer" name="test_suggest_dataframe" time="0.198" /><testcase classname="tests.test_bayesian_opt.TestBayesianOptimizer" name="test_multi_objective_parego" time="0.109" /><testcase classname="tests.test_bayesian_opt.TestBayesianOptimizer" name="test_not_fitted_raises" time="0.000" /><testcase classname="tests.test_bayesian_opt.TestBayesianOptimizer" name="test_not_fitted_predict_raises" time="0.000" /><testcase classname="tests.test_bayesian_optimizer_comprehensive.TestBOConfig" name="test_defaults" time="0.000" /><testcase classname="tests.test_bayesian_optimizer_comprehensive.TestBOConfig" name="test_custom" time="0.000" /><testcase classname="tests.test_bayesian_optimizer_comprehensive.TestBayesianOptimizerFit" name="test_fit_basic" time="0.042" /><testcase classname="tests.test_bayesian_optimizer_comprehensive.TestBayesianOptimizerFit" name="test_fit_dataframe" time="0.054" /><testcase classname="tests.test_bayesian_optimizer_comprehensive.TestAcquisitionFunctions" name="test_ei_minimize" time="0.196" /><testcase classname="tests.test_bayesian_optimizer_comprehensive.TestAcquisitionFunctions" name="test_ei_maximize" time="0.194" /><testcase classname="tests.test_bayesian_optimizer_comprehensive.TestAcquisitionFunctions" name="test_pi" time="0.190" /><testcase classname="tests.test_bayesian_optimizer_comprehensive.TestAcquisitionFunctions" name="test_ucb" time="0.173" /><testcase classname="tests.test_bayesian_optimizer_comprehensive.TestAcquisitionFunctions" name="test_ptr" time="0.181" /><testcase classname="tests.test_bayesian_optimizer_comprehensive.TestBatchStrategies" name="test_single" time="0.057" /><testcase classname="tests.test_bayesian_optimizer_comprehensive.TestBatchStrategies" name="test_kriging_believer" time="0.226" /><testcase classname="tests.test_bayesian_optimizer_comprehensive.TestBatchStrategies" name="test_doe_then_bo" time="0.049" /><testcase classname="tests.test_bayesian_optimizer_comprehensive.TestBatchStrategies" name="test_bo_then_doe" time="0.053" /><testcase classname="tests.test_bayesian_optimizer_comprehensive.TestPredict" name="test_predict" time="0.044" /><testcase classname="tests.test_bayesian_optimizer_comprehensive.TestPredict" name="test_predict_before_fit" time="0.000" /><testcase classname="tests.test_bayesian_optimizer_comprehensive.TestKernelTypes" name="test_matern" time="0.076" /><testcase classname="tests.test_bayesian_optimizer_comprehensive.TestKernelTypes" name="test_dotproduct" time="0.082" /><testcase classname="tests.test_bayesian_optimizer_comprehensive.TestGPInfo" name="test_gp_info" time="0.033" /><testcase classname="tests.test_bayesian_optimizer_comprehensive.TestGPInfo" name="test_gp_info_before_fit" time="0.000" /><testcase classname="tests.test_bayesian_optimizer_comprehensive.TestSuggestDataFrame" name="test_suggest_returns_dataframe" time="0.284" /><testcase classname="tests.test_bayesian_optimizer_comprehensive.TestSuggestDataFrame" name="test_suggest_before_fit" time="0.000" /><testcase classname="tests.test_bayesian_optimizer_comprehensive.TestMaximinSelect" name="test_basic" time="0.000" /><testcase classname="tests.test_bayesian_optimizer_comprehensive.TestMaximinSelect" name="test_n_ge_len" time="0.000" /><testcase classname="tests.test_bayesian_optimizer_comprehensive.TestMultiObjective" name="test_parego" time="0.102" /><testcase classname="tests.test_bayesian_optimizer_extra.TestBOConfig" name="test_defaults" time="0.000" /><testcase classname="tests.test_bayesian_optimizer_extra.TestBOConfig" name="test_custom" time="0.000" /><testcase classname="tests.test_bayesian_optimizer_extra.TestBayesianOptimizerBasic" name="test_fit_and_predict" time="0.058" /><testcase classname="tests.test_bayesian_optimizer_extra.TestBayesianOptimizerBasic" name="test_fit_with_dataframe" time="0.060" /><testcase classname="tests.test_bayesian_optimizer_extra.TestBayesianOptimizerBasic" name="test_predict_before_fit_raises" time="0.000" /><testcase classname="tests.test_bayesian_optimizer_extra.TestBayesianOptimizerBasic" name="test_suggest_before_fit_raises" time="0.000" /><testcase classname="tests.test_bayesian_optimizer_extra.TestBayesianOptimizerBasic" name="test_get_gp_info_before_fit" time="0.000" /><testcase classname="tests.test_bayesian_optimizer_extra.TestBayesianOptimizerBasic" name="test_get_gp_info_after_fit" time="0.043" /><testcase classname="tests.test_bayesian_optimizer_extra.TestKernelBuilding" name="test_default_kernel" time="0.053" /><testcase classname="tests.test_bayesian_optimizer_extra.TestKernelBuilding" name="test_matern_kernel" time="0.029" /><testcase classname="tests.test_bayesian_optimizer_extra.TestKernelBuilding" name="test_dotproduct_kernel" time="0.034" /><testcase classname="tests.test_bayesian_optimizer_extra.TestAcquisitionFunctions" name="test_ei_minimize" time="0.215" /><testcase classname="tests.test_bayesian_optimizer_extra.TestAcquisitionFunctions" name="test_ei_maximize" time="0.210" /><testcase classname="tests.test_bayesian_optimizer_extra.TestAcquisitionFunctions" name="test_pi" time="0.181" /><testcase classname="tests.test_bayesian_optimizer_extra.TestAcquisitionFunctions" name="test_pi_maximize" time="0.202" /><testcase classname="tests.test_bayesian_optimizer_extra.TestAcquisitionFunctions" name="test_ucb_minimize" time="0.230" /><testcase classname="tests.test_bayesian_optimizer_extra.TestAcquisitionFunctions" name="test_ucb_maximize" time="0.173" /><testcase classname="tests.test_bayesian_optimizer_extra.TestAcquisitionFunctions" name="test_ptr" time="0.237" /><testcase classname="tests.test_bayesian_optimizer_extra.TestAcquisitionFunctions" name="test_ptr_no_range_raises" time="0.062" /><testcase classname="tests.test_bayesian_optimizer_extra.TestAcquisitionFunctions" name="test_unknown_acquisition_raises" time="0.063" /><testcase classname="tests.test_bayesian_optimizer_extra.TestBatchStrategies" name="test_single" time="0.049" /><testcase classname="tests.test_bayesian_optimizer_extra.TestBatchStrategies" name="test_kriging_believer" time="0.237" /><testcase classname="tests.test_bayesian_optimizer_extra.TestBatchStrategies" name="test_doe_then_bo" time="0.078" /><testcase classname="tests.test_bayesian_optimizer_extra.TestBatchStrategies" name="test_bo_then_doe" time="0.050" /><testcase classname="tests.test_bayesian_optimizer_extra.TestBatchStrategies" name="test_n_candidates_one" time="0.060" /><testcase classname="tests.test_bayesian_optimizer_extra.TestBatchStrategies" name="test_suggest_with_dataframe" time="0.214" /><testcase classname="tests.test_bayesian_optimizer_extra.TestMultiObjective" name="test_parego_basic" time="0.115" /><testcase classname="tests.test_bayesian_optimizer_extra.TestMultiObjective" name="test_multi_predict" time="0.130" /><testcase classname="tests.test_bayesian_optimizer_extra.TestMultiObjective" name="test_multi_gp_info" time="0.064" /><testcase classname="tests.test_bayesian_optimizer_extra.TestMaximinSelect" name="test_basic" time="0.000" /><testcase classname="tests.test_bayesian_optimizer_extra.TestMaximinSelect" name="test_n_greater_than_length" time="0.000" /><testcase classname="tests.test_benchmark.TestModelScore" name="test_to_dict_filters_none" time="0.000" /><testcase classname="tests.test_benchmark.TestModelScore" name="test_task_field" time="0.000" /><testcase classname="tests.test_benchmark.TestBenchmarkResult" name="test_to_dataframe" time="0.001" /><testcase classname="tests.test_benchmark.TestBenchmarkResult" name="test_best_regression" time="0.000" /><testcase classname="tests.test_benchmark.TestBenchmarkResult" name="test_best_classification" time="0.000" /><testcase classname="tests.test_benchmark.TestBenchmarkResult" name="test_best_empty" time="0.000" /><testcase classname="tests.test_benchmark.TestEvaluateRegression" name="test_returns_model_score" time="0.001" /><testcase classname="tests.test_benchmark.TestEvaluateRegression" name="test_rmse_positive" time="0.001" /><testcase classname="tests.test_benchmark.TestEvaluateRegression" name="test_r2_perfect" time="0.001" /><testcase classname="tests.test_benchmark.TestEvaluateRegression" name="test_cv_fields" time="0.001" /><testcase classname="tests.test_benchmark.TestEvaluateRegression" name="test_mae_positive" time="0.001" /><testcase classname="tests.test_benchmark.TestEvaluateClassification" name="test_returns_model_score" time="0.001" /><testcase classname="tests.test_benchmark.TestEvaluateClassification" name="test_perfect_accuracy" time="0.001" /><testcase classname="tests.test_benchmark.TestEvaluateClassification" name="test_roc_auc_with_proba" time="0.004" /><testcase classname="tests.test_benchmark.TestEvaluateClassification" name="test_no_prob_roc_none" time="0.001" /><testcase classname="tests.test_benchmark.TestComputeLearningCurve" name="test_returns_dict_with_keys" time="5.553" /><testcase classname="tests.test_benchmark.TestComputeLearningCurve" name="test_train_sizes_length" time="1.264" /><testcase classname="tests.test_benchmark.TestComputeLearningCurve" name="test_scores_shape_match" time="0.799" /><testcase classname="tests.test_benchmark.TestBenchmarkModels" name="test_regression" time="0.003" /><testcase classname="tests.test_benchmark.TestBenchmarkModels" name="test_classification" time="0.005" /><testcase classname="tests.test_benchmark.TestBenchmarkModels" name="test_best_model" time="0.002" /><testcase classname="tests.test_benchmark_datasets_extra.TestListBenchmarkDatasets" name="test_returns_list" time="0.000" /><testcase classname="tests.test_benchmark_datasets_extra.TestListBenchmarkDatasets" name="test_has_required_keys" time="0.000" /><testcase classname="tests.test_benchmark_datasets_extra.TestListBenchmarkDatasets" name="test_known_ids" time="0.000" /><testcase classname="tests.test_benchmark_datasets_extra.TestBenchmarkURLs" name="test_keys" time="0.000" /><testcase classname="tests.test_benchmark_datasets_extra.TestBenchmarkURLs" name="test_urls_are_strings" time="0.000" /><testcase classname="tests.test_benchmark_datasets_extra.TestLoadBenchmark" name="test_unknown_name_raises" time="0.000" /><testcase classname="tests.test_benchmark_datasets_extra.TestLoadBenchmark" name="test_load_from_cache" time="0.001" /><testcase classname="tests.test_benchmark_datasets_extra.TestLoadBenchmark" name="test_load_with_mock_download" time="0.002" /><testcase classname="tests.test_benchmark_datasets_extra.TestLoadBenchmark" name="test_download_failure" time="0.000" /><testcase classname="tests.test_benchmark_extra.TestModelScore" name="test_to_dict_regression" time="0.000" /><testcase classname="tests.test_benchmark_extra.TestModelScore" name="test_to_dict_classification" time="0.000" /><testcase classname="tests.test_benchmark_extra.TestBenchmarkResult" name="test_to_dataframe" time="0.001" /><testcase classname="tests.test_benchmark_extra.TestBenchmarkResult" name="test_best_regression" time="0.000" /><testcase classname="tests.test_benchmark_extra.TestBenchmarkResult" name="test_best_classification" time="0.000" /><testcase classname="tests.test_benchmark_extra.TestBenchmarkResult" name="test_best_empty" time="0.000" /><testcase classname="tests.test_benchmark_extra.TestEvaluateRegression" name="test_basic" time="0.001" /><testcase classname="tests.test_benchmark_extra.TestEvaluateRegression" name="test_with_cv" time="0.001" /><testcase classname="tests.test_benchmark_extra.TestEvaluateClassification" name="test_basic" time="0.001" /><testcase classname="tests.test_benchmark_extra.TestEvaluateClassification" name="test_with_proba" time="0.002" /><testcase classname="tests.test_benchmark_extra.TestEvaluateClassification" name="test_multiclass_proba" time="0.003" /><testcase classname="tests.test_benchmark_extra.TestBenchmarkModels" name="test_regression" time="0.001" /><testcase classname="tests.test_benchmark_extra.TestBenchmarkModels" name="test_classification" time="0.005" /><testcase classname="tests.test_benchmark_extra.TestBenchmarkModels" name="test_multiple_models" time="0.002" /><testcase classname="tests.test_bo_visualizer.TestPlotPCA2D" name="test_basic_ndarray" time="0.862" /><testcase classname="tests.test_bo_visualizer.TestPlotPCA2D" name="test_with_dataframe" time="0.019" /><testcase classname="tests.test_bo_visualizer.TestPlotPCA2D" name="test_with_candidates" time="0.019" /><testcase classname="tests.test_bo_visualizer.TestPlotPCA2D" name="test_with_y_values" time="0.036" /><testcase classname="tests.test_bo_visualizer.TestPlotPCA2D" name="test_without_y" time="0.019" /><testcase classname="tests.test_bo_visualizer.TestPlotPCA2D" name="test_custom_feature_names" time="0.018" /><testcase classname="tests.test_bo_visualizer.TestPlotPCA2D" name="test_top_n_arrows" time="0.015" /><testcase classname="tests.test_bo_visualizer.TestPlotPCA2D" name="test_full_with_all_options" time="0.018" /><testcase classname="tests.test_bo_visualizer.TestPlotPCA3D" name="test_basic" time="0.041" /><testcase classname="tests.test_bo_visualizer.TestPlotPCA3D" name="test_with_candidates" time="0.016" /><testcase classname="tests.test_bo_visualizer.TestPlotPCA3D" name="test_with_y" time="0.019" /><testcase classname="tests.test_bo_visualizer.TestPlotPCA3D" name="test_without_y" time="0.009" /><testcase classname="tests.test_bo_visualizer.TestPlotPCA3D" name="test_with_dataframe" time="0.009" /><testcase classname="tests.test_bo_visualizer.TestPlotPCA3D" name="test_feature_names_and_arrows" time="0.009" /><testcase classname="tests.test_bo_visualizer.TestPlotPCA3D" name="test_low_dim_input" time="0.007" /><testcase classname="tests.test_bo_visualizer.TestPlotParetoFront" name="test_basic_minimize" time="0.007" /><testcase classname="tests.test_bo_visualizer.TestPlotParetoFront" name="test_with_objective_names" time="0.007" /><testcase classname="tests.test_bo_visualizer.TestPlotParetoFront" name="test_with_candidates" time="0.007" /><testcase classname="tests.test_bo_visualizer.TestPlotParetoFront" name="test_with_directions" time="0.007" /><testcase classname="tests.test_bo_visualizer.TestPlotParetoFront" name="test_with_dataframe" time="0.007" /><testcase classname="tests.test_bo_visualizer.TestParetoEfficient" name="test_basic_min" time="0.000" /><testcase classname="tests.test_bo_visualizer.TestParetoEfficient" name="test_basic_max" time="0.000" /><testcase classname="tests.test_bo_visualizer.TestParetoEfficient" name="test_no_domination" time="0.000" /><testcase classname="tests.test_bo_visualizer.TestPlotConvergence" name="test_minimize" time="0.006" /><testcase classname="tests.test_bo_visualizer.TestPlotConvergence" name="test_maximize" time="0.006" /><testcase classname="tests.test_bo_visualizer.TestPlotConvergence" name="test_single_point" time="0.006" /><testcase classname="tests.test_bo_visualizer.TestPlotConvergence" name="test_long_history" time="0.008" /><testcase classname="tests.test_bo_visualizer_comprehensive.TestPlotPCA2D" name="test_basic" time="0.018" /><testcase classname="tests.test_bo_visualizer_comprehensive.TestPlotPCA2D" name="test_with_candidates" time="0.018" /><testcase classname="tests.test_bo_visualizer_comprehensive.TestPlotPCA2D" name="test_dataframe" time="0.019" /><testcase classname="tests.test_bo_visualizer_comprehensive.TestPlotPCA2D" name="test_no_y" time="0.018" /><testcase classname="tests.test_bo_visualizer_comprehensive.TestPlotPCA3D" name="test_basic" time="0.009" /><testcase classname="tests.test_bo_visualizer_comprehensive.TestPlotPCA3D" name="test_with_candidates" time="0.009" /><testcase classname="tests.test_bo_visualizer_comprehensive.TestParetoFront" name="test_basic" time="0.007" /><testcase classname="tests.test_bo_visualizer_comprehensive.TestParetoFront" name="test_with_candidates" time="0.007" /><testcase classname="tests.test_bo_visualizer_comprehensive.TestParetoFront" name="test_custom_directions" time="0.007" /><testcase classname="tests.test_bo_visualizer_comprehensive.TestParetoEfficient" name="test_basic" time="0.000" /><testcase classname="tests.test_bo_visualizer_comprehensive.TestParetoEfficient" name="test_all_min" time="0.000" /><testcase classname="tests.test_bo_visualizer_comprehensive.TestConvergence" name="test_minimize" time="0.006" /><testcase classname="tests.test_bo_visualizer_comprehensive.TestConvergence" name="test_maximize" time="0.006" /><testcase classname="tests.test_charge_config.TestMoleculeChargeConfigDefaults" name="test_default_values" time="0.000" /><testcase classname="tests.test_charge_config.TestMoleculeChargeConfigDefaults" name="test_uhf_property_closed_shell" time="0.000" /><testcase classname="tests.test_charge_config.TestMoleculeChargeConfigDefaults" name="test_uhf_property_radical" time="0.000" /><testcase classname="tests.test_charge_config.TestMoleculeChargeConfigDefaults" name="test_uhf_property_triplet" time="0.000" /><testcase classname="tests.test_charge_config.TestMoleculeChargeConfigDefaults" name="test_to_xtb_args_neutral_closed_shell" time="0.000" /><testcase classname="tests.test_charge_config.TestMoleculeChargeConfigDefaults" name="test_to_xtb_args_cation_radical" time="0.000" /><testcase classname="tests.test_charge_config.TestMoleculeChargeConfigDefaults" name="test_to_xtb_args_charge_override" time="0.000" /><testcase classname="tests.test_charge_config.TestMoleculeChargeConfigDefaults" name="test_to_xtb_args_anion" time="0.000" /><testcase classname="tests.test_charge_config.TestMoleculeChargeConfigValidation" name="test_spin_multiplicity_zero_raises" time="0.000" /><testcase classname="tests.test_charge_config.TestMoleculeChargeConfigValidation" name="test_spin_multiplicity_negative_raises" time="0.000" /><testcase classname="tests.test_charge_config.TestMoleculeChargeConfigValidation" name="test_formal_charge_too_large_raises" time="0.000" /><testcase classname="tests.test_charge_config.TestMoleculeChargeConfigValidation" name="test_formal_charge_too_negative_raises" time="0.000" /><testcase classname="tests.test_charge_config.TestMoleculeChargeConfigValidation" name="test_boundary_charge_plus_10" time="0.000" /><testcase classname="tests.test_charge_config.TestMoleculeChargeConfigValidation" name="test_boundary_charge_minus_10" time="0.000" /><testcase classname="tests.test_charge_config.TestMoleculeChargeConfigValidation" name="test_spin_multiplicity_4" time="0.000" /><testcase classname="tests.test_charge_config.TestMoleculeChargeConfigPresets" name="test_for_radical_default_neutral" time="0.000" /><testcase classname="tests.test_charge_config.TestMoleculeChargeConfigPresets" name="test_for_radical_charged" time="0.000" /><testcase classname="tests.test_charge_config.TestMoleculeChargeConfigPresets" name="test_at_physiological_ph" time="0.000" /><testcase classname="tests.test_charge_config.TestChargeConfigStore" name="test_get_config_returns_default_for_unknown_smiles" time="0.000" /><testcase classname="tests.test_charge_config.TestChargeConfigStore" name="test_set_and_get_per_molecule" time="0.000" /><testcase classname="tests.test_charge_config.TestChargeConfigStore" name="test_per_molecule_overrides_default" time="0.000" /><testcase classname="tests.test_charge_config.TestChargeConfigStore" name="test_resolve_charge_from_smiles_cation" time="0.000" /><testcase classname="tests.test_charge_config.TestChargeConfigStore" name="test_resolve_charge_from_smiles_anion" time="0.000" /><testcase classname="tests.test_charge_config.TestChargeConfigStore" name="test_resolve_charge_from_smiles_dianion" time="0.000" /><testcase classname="tests.test_charge_config.TestChargeConfigStore" name="test_resolve_charge_manual_override" time="0.000" /><testcase classname="tests.test_charge_config.TestChargeConfigStore" name="test_resolve_spin_default" time="0.000" /><testcase classname="tests.test_charge_config.TestChargeConfigStore" name="test_resolve_spin_per_molecule" time="0.000" /><testcase classname="tests.test_charge_config.TestChargeConfigStore" name="test_per_molecule_does_not_affect_others" time="0.000" /><testcase classname="tests.test_charge_config.TestReadSmilesFormalCharge" name="test_neutral_ethanol" time="0.000" /><testcase classname="tests.test_charge_config.TestReadSmilesFormalCharge" name="test_cation_ammonium" time="0.000" /><testcase classname="tests.test_charge_config.TestReadSmilesFormalCharge" name="test_anion_acetate" time="0.000" /><testcase classname="tests.test_charge_config.TestReadSmilesFormalCharge" name="test_invalid_smiles_returns_0" time="0.000" /><testcase classname="tests.test_charge_config.TestReadSmilesFormalCharge" name="test_empty_string_returns_0" time="0.000" /><testcase classname="tests.test_charge_config.TestReadSmilesFormalCharge" name="test_none_returns_0" time="0.000" /><testcase classname="tests.test_charge_config.TestReadSmilesFormalCharge" name="test_zwitterion" time="0.000" /><testcase classname="tests.test_charge_config.TestReadSmilesFormalCharge" name="test_large_molecule_neutral" time="0.000" /><testcase classname="tests.test_charge_config.TestApplyProtonation" name="test_as_is_returns_unchanged" time="0.001" /><testcase classname="tests.test_charge_config.TestApplyProtonation" name="test_as_is_anion_unchanged" time="0.000" /><testcase classname="tests.test_charge_config.TestApplyProtonation" name="test_neutral_removes_charge_acetate" time="0.040" /><testcase classname="tests.test_charge_config.TestApplyProtonation" name="test_neutral_removes_charge_ammonium" time="0.001" /><testcase classname="tests.test_charge_config.TestApplyProtonation" name="test_neutral_already_neutral" time="0.001" /><testcase classname="tests.test_charge_config.TestApplyProtonation" name="test_neutral_salt_desalted" time="0.001" /><testcase classname="tests.test_charge_config.TestApplyProtonation" name="test_auto_ph_without_unipka_falls_back_to_neutral" time="0.001" /><testcase classname="tests.test_charge_config.TestApplyProtonation" name="test_auto_ph_permission_error_falls_back_to_neutral" time="0.001" /><testcase classname="tests.test_charge_config.TestApplyProtonation" name="test_unknown_mode_returns_original" time="0.000" /><testcase classname="tests.test_charge_config.TestApplyProtonation" name="test_empty_string_returns_empty" time="0.000" /><testcase classname="tests.test_charge_config.TestApplyProtonation" name="test_none_input_returns_none" time="0.000" /><testcase classname="tests.test_charge_config.TestApplyProtonation" name="test_invalid_smiles_fallback" time="0.000" /><testcase classname="tests.test_charge_config.TestApplyProtonationBatch" name="test_batch_same_length" time="0.001" /><testcase classname="tests.test_charge_config.TestApplyProtonationBatch" name="test_batch_as_is_identical" time="0.000" /><testcase classname="tests.test_charge_config.TestApplyProtonationBatch" name="test_batch_with_invalid_smiles" time="0.001" /><testcase classname="tests.test_charge_config.TestGetProtonationStateInfo" name="test_returns_dict_keys" time="0.000" /><testcase classname="tests.test_charge_config.TestGetProtonationStateInfo" name="test_import_error_message" time="0.000" /><testcase classname="tests.test_charge_config.TestGetProtonationStateInfo" name="test_permission_error_message" time="0.000" /><testcase classname="tests.test_charge_config.TestGetProtonationStateInfo" name="test_generic_exception_shows_error" time="0.000" /><testcase classname="tests.test_charge_config.TestGetProtonationStateInfo" name="test_with_mock_pka_acidic_anion" time="0.001" /><testcase classname="tests.test_charge_config.TestGetProtonationStateInfo" name="test_with_mock_pka_basic_cation" time="0.001" /><testcase classname="tests.test_charge_config.TestGetProtonationStateInfo" name="test_with_mock_pka_neutral" time="0.001" /><testcase classname="tests.test_charge_config.TestGetProtonationStateInfo" name="test_with_mock_pka_zwitterion" time="0.001" /><testcase classname="tests.test_charge_config.TestGetUnipkaModel" name="test_cache_reuse" time="0.001" /><testcase classname="tests.test_charge_config.TestGetUnipkaModel" name="test_permission_error_retried" time="0.001" /><testcase classname="tests.test_charge_config.TestGetUnipkaModel" name="test_permission_error_exhausted_raises" time="0.001" /><testcase classname="tests.test_charge_config.TestGetUnipkaModel" name="test_thread_safety" time="0.023" /><testcase classname="tests.test_charge_config.TestXTBArgsIntegration" name="test_store_resolves_correct_charge" time="0.000" /><testcase classname="tests.test_charge_config.TestXTBArgsIntegration" name="test_xtb_args_from_store" time="0.000" /><testcase classname="tests.test_charge_config_extra.TestMoleculeChargeConfig" name="test_defaults" time="0.000" /><testcase classname="tests.test_charge_config_extra.TestMoleculeChargeConfig" name="test_uhf" time="0.000" /><testcase classname="tests.test_charge_config_extra.TestMoleculeChargeConfig" name="test_to_xtb_args_default" time="0.000" /><testcase classname="tests.test_charge_config_extra.TestMoleculeChargeConfig" name="test_to_xtb_args_with_spin" time="0.000" /><testcase classname="tests.test_charge_config_extra.TestMoleculeChargeConfig" name="test_to_xtb_args_charge_override" time="0.000" /><testcase classname="tests.test_charge_config_extra.TestMoleculeChargeConfig" name="test_invalid_spin" time="0.000" /><testcase classname="tests.test_charge_config_extra.TestMoleculeChargeConfig" name="test_invalid_charge" time="0.000" /><testcase classname="tests.test_charge_config_extra.TestMoleculeChargeConfig" name="test_default_factory" time="0.000" /><testcase classname="tests.test_charge_config_extra.TestMoleculeChargeConfig" name="test_for_radical" time="0.000" /><testcase classname="tests.test_charge_config_extra.TestMoleculeChargeConfig" name="test_at_physiological_ph" time="0.000" /><testcase classname="tests.test_charge_config_extra.TestChargeConfigStore" name="test_defaults" time="0.000" /><testcase classname="tests.test_charge_config_extra.TestChargeConfigStore" name="test_get_config_default" time="0.000" /><testcase classname="tests.test_charge_config_extra.TestChargeConfigStore" name="test_set_per_molecule" time="0.000" /><testcase classname="tests.test_charge_config_extra.TestChargeConfigStore" name="test_get_config_fallback" time="0.000" /><testcase classname="tests.test_charge_config_extra.TestChargeConfigStore" name="test_resolve_spin" time="0.000" /><testcase classname="tests.test_charge_config_extra.TestChargeConfigStore" name="test_resolve_charge_auto" time="0.000" /><testcase classname="tests.test_charge_config_extra.TestChargeConfigStore" name="test_resolve_charge_manual" time="0.000" /><testcase classname="tests.test_charge_config_extra.TestReadSmilesFormalCharge" name="test_neutral" time="0.000" /><testcase classname="tests.test_charge_config_extra.TestReadSmilesFormalCharge" name="test_invalid_smiles" time="0.000" /><testcase classname="tests.test_charge_extended.TestParseXtbOutput" name="test_normal_output_total_energy" time="0.000" /><testcase classname="tests.test_charge_extended.TestParseXtbOutput" name="test_normal_output_homo_lumo_gap" time="0.000" /><testcase classname="tests.test_charge_extended.TestParseXtbOutput" name="test_normal_output_homo_energy" time="0.000" /><testcase classname="tests.test_charge_extended.TestParseXtbOutput" name="test_normal_output_lumo_energy" time="0.000" /><testcase classname="tests.test_charge_extended.TestParseXtbOutput" name="test_normal_output_koopmans_derived" time="0.000" /><testcase classname="tests.test_charge_extended.TestParseXtbOutput" name="test_normal_output_dipole" time="0.000" /><testcase classname="tests.test_charge_extended.TestParseXtbOutput" name="test_normal_output_mulliken_charges" time="0.000" /><testcase classname="tests.test_charge_extended.TestParseXtbOutput" name="test_partial_output" time="0.000" /><testcase classname="tests.test_charge_extended.TestParseXtbOutput" name="test_empty_output" time="0.000" /><testcase classname="tests.test_charge_extended.TestParseXtbOutput" name="test_no_homo_lumo_lines" time="0.000" /><testcase classname="tests.test_charge_extended.TestParseXtbOutput" name="test_mulliken_only_output" time="0.000" /><testcase classname="tests.test_charge_extended.TestParseXtbOutput" name="test_garbage_input_no_crash" time="0.000" /><testcase classname="tests.test_charge_extended.TestSmilesToXyz" name="test_methane" time="0.018" /><testcase classname="tests.test_charge_extended.TestSmilesToXyz" name="test_ethanol" time="0.005" /><testcase classname="tests.test_charge_extended.TestSmilesToXyz" name="test_cation_ammonium" time="0.001" /><testcase classname="tests.test_charge_extended.TestSmilesToXyz" name="test_anion_acetate" time="0.002" /><testcase classname="tests.test_charge_extended.TestSmilesToXyz" name="test_invalid_smiles_returns_none" time="0.000" /><testcase classname="tests.test_charge_extended.TestSmilesToXyz" name="test_empty_smiles_returns_none" time="0.001" /><testcase classname="tests.test_charge_extended.TestSmilesToXyz" name="test_xyz_format_has_header" time="0.001" /><testcase classname="tests.test_charge_extended.TestSmilesToXyz" name="test_xyz_coordinates_are_floats" time="0.001" /><testcase classname="tests.test_charge_extended.TestSmilesToXyz" name="test_benzene_6_carbons" time="0.002" /><testcase classname="tests.test_charge_extended.TestRDKitAdapterGasteigerCharges" name="test_gasteiger_columns_present" time="0.005" /><testcase classname="tests.test_charge_extended.TestRDKitAdapterGasteigerCharges" name="test_gasteiger_disabled_no_columns" time="0.003" /><testcase classname="tests.test_charge_extended.TestRDKitAdapterGasteigerCharges" name="test_gasteiger_q_range_nonnegative" time="0.007" /><testcase classname="tests.test_charge_extended.TestRDKitAdapterGasteigerCharges" name="test_gasteiger_acetic_acid_has_large_range" time="0.003" /><testcase classname="tests.test_charge_extended.TestRDKitAdapterGasteigerCharges" name="test_gasteiger_with_charge_config_store" time="0.004" /><testcase classname="tests.test_charge_extended.TestRDKitAdapterGasteigerCharges" name="test_invalid_smiles_in_batch" time="0.005" /><testcase classname="tests.test_charge_extended.TestRDKitAdapterGasteigerCharges" name="test_physicochemical_descriptors_present" time="0.003" /><testcase classname="tests.test_charge_extended.TestChargeConfigStoreEdgeCases" name="test_overwrite_per_molecule" time="0.000" /><testcase classname="tests.test_charge_extended.TestChargeConfigStoreEdgeCases" name="test_empty_string_smiles" time="0.000" /><testcase classname="tests.test_charge_extended.TestChargeConfigStoreEdgeCases" name="test_many_per_molecule_settings" time="0.000" /><testcase classname="tests.test_charge_extended.TestChargeConfigStoreEdgeCases" name="test_default_is_independent_copy" time="0.000" /><testcase classname="tests.test_charge_extended.TestChargeConfigStoreEdgeCases" name="test_resolve_spin_unknown_smiles" time="0.000" /><testcase classname="tests.test_charge_extended.TestMoleculeChargeConfigEdgeCases" name="test_high_spin_multiplicity" time="0.000" /><testcase classname="tests.test_charge_extended.TestMoleculeChargeConfigEdgeCases" name="test_formal_charge_boundary_exact_10" time="0.000" /><testcase classname="tests.test_charge_extended.TestMoleculeChargeConfigEdgeCases" name="test_formal_charge_boundary_11_raises" time="0.000" /><testcase classname="tests.test_charge_extended.TestMoleculeChargeConfigEdgeCases" name="test_to_xtb_args_high_spin" time="0.000" /><testcase classname="tests.test_charge_extended.TestMoleculeChargeConfigEdgeCases" name="test_charge_override_zero_still_sets_chrg" time="0.000" /><testcase classname="tests.test_charge_extended.TestMoleculeChargeConfigEdgeCases" name="test_default_factory_each_call_independent" time="0.000" /><testcase classname="tests.test_charge_extended.TestReadSmilesFormalChargeEdgeCases" name="test_multi_cation" time="0.000" /><testcase classname="tests.test_charge_extended.TestReadSmilesFormalChargeEdgeCases" name="test_phosphate_anion" time="0.000" /><testcase classname="tests.test_charge_extended.TestReadSmilesFormalChargeEdgeCases" name="test_neutral_aromatic" time="0.000" /><testcase classname="tests.test_charge_extended.TestReadSmilesFormalChargeEdgeCases" name="test_numeric_string_returns_0" time="0.000" /><testcase classname="tests.test_charge_extended.TestReadSmilesFormalChargeEdgeCases" name="test_special_chars_returns_0" time="0.000" /><testcase classname="tests.test_charge_extended.TestProtonationMaxModes" name="test_max_deprotonate_carboxylic_acid" time="0.002" /><testcase classname="tests.test_charge_extended.TestProtonationMaxModes" name="test_max_protonate_amine" time="0.001" /><testcase classname="tests.test_charge_extended.TestProtonationMaxModes" name="test_max_deprotonate_phenol" time="0.001" /><testcase classname="tests.test_charge_extended.TestProtonationMaxModes" name="test_max_protonate_pyridine" time="0.001" /><testcase classname="tests.test_charge_extended.TestProtonationMaxModes" name="test_neutral_aspirin" time="0.001" /><testcase classname="tests.test_charge_extended.TestProtonationMaxModes" name="test_neutral_sodium_acetate_salt" time="0.001" /><testcase classname="tests.test_charge_extended.TestXTBAdapterComputeMock" name="test_compute_passes_chrg_arg" time="0.003" /><testcase classname="tests.test_charge_extended.TestXTBAdapterComputeMock" name="test_compute_timeout_handled" time="0.004" /><testcase classname="tests.test_chem" name="test_rdkit_adapter_name" time="0.000" /><testcase classname="tests.test_chem" name="test_rdkit_adapter_availability" time="0.000" /><testcase classname="tests.test_chem" name="test_compute_descriptors" time="0.008" /><testcase classname="tests.test_chem" name="test_compute_with_invalid_smiles" time="0.007" /><testcase classname="tests.test_chem" name="test_get_descriptor_names" time="0.001" /><testcase classname="tests.test_chem" name="test_descriptor_metadata_rdkit" time="0.000" /><testcase classname="tests.test_chem" name="test_descriptor_metadata_mordred" time="0.000" /><testcase classname="tests.test_chem" name="test_mordred_adapter" time="0.295" /><testcase classname="tests.test_chem" name="test_stub_adapters" time="0.796" /><testcase classname="tests.test_chem" name="test_psmiles_adapter" time="0.002" /><testcase classname="tests.test_chem_base_extra.TestDescriptorResult" name="test_basic" time="0.000" /><testcase classname="tests.test_chem_base_extra.TestDescriptorResult" name="test_with_failures" time="0.001" /><testcase classname="tests.test_chem_base_extra.TestDescriptorResult" name="test_empty_smiles_list" time="0.000" /><testcase classname="tests.test_chem_base_extra.TestDescriptorResult" name="test_metadata" time="0.000" /><testcase classname="tests.test_chem_base_extra.TestDescriptorMetadata" name="test_basic" time="0.000" /><testcase classname="tests.test_chem_base_extra.TestDescriptorMetadata" name="test_binary" time="0.000" /><testcase classname="tests.test_chem_base_extra.TestDescriptorMetadata" name="test_with_description" time="0.000" /><testcase classname="tests.test_chem_base_extra.TestBaseChemAdapter" name="test_repr_available" time="0.000" /><testcase classname="tests.test_chem_base_extra.TestBaseChemAdapter" name="test_repr_unavailable" time="0.000" /><testcase classname="tests.test_chem_base_extra.TestBaseChemAdapter" name="test_get_descriptor_names" time="0.000" /><testcase classname="tests.test_chem_base_extra.TestBaseChemAdapter" name="test_get_descriptor_names_empty" time="0.000" /><testcase classname="tests.test_chem_base_extra.TestBaseChemAdapter" name="test_require_available_raises" time="0.000" /><testcase classname="tests.test_chem_base_extra.TestBaseChemAdapter" name="test_require_available_passes" time="0.000" /><testcase classname="tests.test_chem_base_extra.TestBaseChemAdapter" name="test_compute" time="0.000" /><testcase classname="tests.test_col_preprocessor_comprehensive.TestColPreprocessConfig" name="test_defaults" time="0.000" /><testcase classname="tests.test_col_preprocessor_comprehensive.TestColPreprocessConfig" name="test_custom" time="0.000" /><testcase classname="tests.test_col_preprocessor_comprehensive.TestColPreprocessor" name="test_fit_transform_defaults" time="0.011" /><testcase classname="tests.test_col_preprocessor_comprehensive.TestColPreprocessor" name="test_standard_scaler" time="0.010" /><testcase classname="tests.test_col_preprocessor_comprehensive.TestColPreprocessor" name="test_minmax_scaler" time="0.009" /><testcase classname="tests.test_col_preprocessor_comprehensive.TestColPreprocessor" name="test_robust_scaler" time="0.009" /><testcase classname="tests.test_col_preprocessor_comprehensive.TestColPreprocessor" name="test_none_scaler" time="0.009" /><testcase classname="tests.test_col_preprocessor_comprehensive.TestColPreprocessor" name="test_ordinal_encoder" time="0.009" /><testcase classname="tests.test_col_preprocessor_comprehensive.TestColPreprocessor" name="test_median_imputer" time="0.009" /><testcase classname="tests.test_col_preprocessor_comprehensive.TestColPreprocessor" name="test_knn_imputer" time="0.011" /><testcase classname="tests.test_col_preprocessor_comprehensive.TestColPreprocessor" name="test_constant_imputer" time="0.009" /><testcase classname="tests.test_col_preprocessor_comprehensive.TestColPreprocessor" name="test_override_types" time="0.008" /><testcase classname="tests.test_col_preprocessor_comprehensive.TestColPreprocessor" name="test_get_feature_names_out" time="0.008" /><testcase classname="tests.test_col_preprocessor_comprehensive.TestColPreprocessor" name="test_column_transformer_property" time="0.007" /><testcase classname="tests.test_col_preprocessor_comprehensive.TestColPreprocessor" name="test_column_transformer_before_fit_raises" time="0.000" /><testcase classname="tests.test_col_preprocessor_comprehensive.TestColPreprocessor" name="test_transform_before_fit_raises" time="0.000" /><testcase classname="tests.test_col_preprocessor_comprehensive.TestColPreprocessor" name="test_numpy_input" time="0.004" /><testcase classname="tests.test_col_preprocessor_extra.TestColPreprocessorBasic" name="test_default_fit_transform" time="0.012" /><testcase classname="tests.test_col_preprocessor_extra.TestColPreprocessorBasic" name="test_feature_names_out" time="0.009" /><testcase classname="tests.test_col_preprocessor_extra.TestColPreprocessorBasic" name="test_column_transformer_property" time="0.009" /><testcase classname="tests.test_col_preprocessor_extra.TestColPreprocessorBasic" name="test_column_transformer_before_fit" time="0.000" /><testcase classname="tests.test_col_preprocessor_extra.TestColPreprocessorBasic" name="test_transform_before_fit" time="0.000" /><testcase classname="tests.test_col_preprocessor_extra.TestColPreprocessorBasic" name="test_ndarray_input" time="0.004" /><testcase classname="tests.test_col_preprocessor_extra.TestScalers" name="test_scaler_types[standard]" time="0.005" /><testcase classname="tests.test_col_preprocessor_extra.TestScalers" name="test_scaler_types[minmax]" time="0.005" /><testcase classname="tests.test_col_preprocessor_extra.TestScalers" name="test_scaler_types[robust]" time="0.005" /><testcase classname="tests.test_col_preprocessor_extra.TestScalers" name="test_scaler_types[maxabs]" time="0.005" /><testcase classname="tests.test_col_preprocessor_extra.TestScalers" name="test_scaler_types[power_yj]" time="0.014" /><testcase classname="tests.test_col_preprocessor_extra.TestScalers" name="test_scaler_types[quantile_normal]" time="0.006" /><testcase classname="tests.test_col_preprocessor_extra.TestScalers" name="test_scaler_types[quantile_uniform]" time="0.005" /><testcase classname="tests.test_col_preprocessor_extra.TestScalers" name="test_scaler_types[log]" time="0.005" /><testcase classname="tests.test_col_preprocessor_extra.TestScalers" name="test_scaler_types[none]" time="0.004" /><testcase classname="tests.test_col_preprocessor_extra.TestScalers" name="test_power_bc" time="0.009" /><testcase classname="tests.test_col_preprocessor_extra.TestScalers" name="test_unknown_scaler" time="0.005" /><testcase classname="tests.test_col_preprocessor_extra.TestImputers" name="test_numeric_imputers[mean]" time="0.005" /><testcase classname="tests.test_col_preprocessor_extra.TestImputers" name="test_numeric_imputers[median]" time="0.006" /><testcase classname="tests.test_col_preprocessor_extra.TestImputers" name="test_numeric_imputers[knn]" time="0.006" /><testcase classname="tests.test_col_preprocessor_extra.TestImputers" name="test_numeric_imputers[constant]" time="0.005" /><testcase classname="tests.test_col_preprocessor_extra.TestImputers" name="test_iterative_imputer" time="0.016" /><testcase classname="tests.test_col_preprocessor_extra.TestImputers" name="test_unknown_imputer" time="0.005" /><testcase classname="tests.test_col_preprocessor_extra.TestEncoders" name="test_onehot_encoder" time="0.012" /><testcase classname="tests.test_col_preprocessor_extra.TestEncoders" name="test_ordinal_encoder" time="0.012" /><testcase classname="tests.test_col_preprocessor_extra.TestEncoders" name="test_target_encoder" time="0.007" /><testcase classname="tests.test_col_preprocessor_extra.TestEncoders" name="test_binary_encoder" time="0.017" /><testcase classname="tests.test_col_preprocessor_extra.TestEncoders" name="test_woe_encoder" time="0.007" /><testcase classname="tests.test_col_preprocessor_extra.TestEncoders" name="test_hashing_encoder" time="0.017" /><testcase classname="tests.test_col_preprocessor_extra.TestEncoders" name="test_leaveoneout_encoder" time="0.008" /><testcase classname="tests.test_col_preprocessor_extra.TestEncoders" name="test_unknown_encoder" time="0.012" /><testcase classname="tests.test_col_preprocessor_extra.TestBinary" name="test_binary_ordinal" time="0.011" /><testcase classname="tests.test_col_preprocessor_extra.TestBinary" name="test_binary_passthrough" time="0.011" /><testcase classname="tests.test_col_preprocessor_extra.TestBinary" name="test_binary_knn_imputer" time="0.006" /><testcase classname="tests.test_col_preprocessor_extra.TestBinary" name="test_binary_constant_imputer" time="0.005" /><testcase classname="tests.test_col_preprocessor_extra.TestOverrideTypes" name="test_override_numeric_to_passthrough" time="0.012" /><testcase classname="tests.test_col_preprocessor_extra.TestOverrideTypes" name="test_override_cat_to_numeric" time="0.005" /><testcase classname="tests.test_col_preprocessor_extra.TestOverrideTypes" name="test_override_invalid_type" time="0.012" /><testcase classname="tests.test_col_preprocessor_extra.TestEdgeCases" name="test_empty_columns" time="0.003" /><testcase classname="tests.test_col_preprocessor_extra.TestEdgeCases" name="test_all_missing_column" time="0.004" /><testcase classname="tests.test_column_selector_extra.TestColumnMeta" name="test_defaults" time="0.000" /><testcase classname="tests.test_column_selector_extra.TestColumnMeta" name="test_custom" time="0.000" /><testcase classname="tests.test_column_selector_extra.TestColumnSelectorAll" name="test_fit_transform_all" time="0.001" /><testcase classname="tests.test_column_selector_extra.TestColumnSelectorAll" name="test_selected_columns" time="0.000" /><testcase classname="tests.test_column_selector_extra.TestColumnSelectorAll" name="test_get_feature_names_out" time="0.000" /><testcase classname="tests.test_column_selector_extra.TestColumnSelectorInclude" name="test_include_columns" time="0.001" /><testcase classname="tests.test_column_selector_extra.TestColumnSelectorInclude" name="test_include_range" time="0.001" /><testcase classname="tests.test_column_selector_extra.TestColumnSelectorInclude" name="test_include_missing_col_warning" time="0.001" /><testcase classname="tests.test_column_selector_extra.TestColumnSelectorInclude" name="test_include_no_columns_no_range" time="0.001" /><testcase classname="tests.test_column_selector_extra.TestColumnSelectorExclude" name="test_exclude" time="0.001" /><testcase classname="tests.test_column_selector_extra.TestColumnSelectorErrors" name="test_non_dataframe_fit" time="0.000" /><testcase classname="tests.test_column_selector_extra.TestColumnSelectorErrors" name="test_non_dataframe_transform" time="0.000" /><testcase classname="tests.test_column_selector_extra.TestColumnSelectorErrors" name="test_unknown_mode" time="0.000" /><testcase classname="tests.test_column_selector_extra.TestColumnSelectorMeta" name="test_get_column_meta" time="0.000" /><testcase classname="tests.test_column_selector_extra.TestColumnSelectorMeta" name="test_get_monotonic_constraints" time="0.000" /><testcase classname="tests.test_column_selector_extra.TestColumnSelectorMeta" name="test_get_groups_array" time="0.000" /><testcase classname="tests.test_config_extra.TestConstants" name="test_random_state" time="0.000" /><testcase classname="tests.test_config_extra.TestConstants" name="test_project_root_exists" time="0.000" /><testcase classname="tests.test_config_extra.TestConstants" name="test_automl_defaults" time="0.000" /><testcase classname="tests.test_config_extra.TestConstants" name="test_shap_defaults" time="0.000" /><testcase classname="tests.test_config_extra.TestConstants" name="test_type_detector_defaults" time="0.000" /><testcase classname="tests.test_config_extra.TestAppConfig" name="test_defaults" time="0.000" /><testcase classname="tests.test_config_extra.TestAppConfig" name="test_custom" time="0.000" /><testcase classname="tests.test_config_extra.TestAppConfig" name="test_default_config_instance" time="0.000" /><testcase classname="tests.test_config_extra.TestAppConfig" name="test_extra_field" time="0.000" /><testcase classname="tests.test_constraints_extra.TestRangeConstraint" name="test_both_bounds" time="0.001" /><testcase classname="tests.test_constraints_extra.TestRangeConstraint" name="test_lo_only" time="0.000" /><testcase classname="tests.test_constraints_extra.TestRangeConstraint" name="test_hi_only" time="0.000" /><testcase classname="tests.test_constraints_extra.TestRangeConstraint" name="test_no_bounds" time="0.000" /><testcase classname="tests.test_constraints_extra.TestRangeConstraint" name="test_is_satisfied" time="0.000" /><testcase classname="tests.test_constraints_extra.TestRangeConstraint" name="test_describe_both" time="0.000" /><testcase classname="tests.test_constraints_extra.TestRangeConstraint" name="test_describe_lo_only" time="0.000" /><testcase classname="tests.test_constraints_extra.TestSumConstraint" name="test_exact_sum" time="0.001" /><testcase classname="tests.test_constraints_extra.TestSumConstraint" name="test_with_tolerance" time="0.001" /><testcase classname="tests.test_constraints_extra.TestSumConstraint" name="test_failing_sum" time="0.001" /><testcase classname="tests.test_constraints_extra.TestSumConstraint" name="test_is_satisfied" time="0.000" /><testcase classname="tests.test_constraints_extra.TestSumConstraint" name="test_describe_tight" time="0.000" /><testcase classname="tests.test_constraints_extra.TestSumConstraint" name="test_describe_with_tolerance" time="0.000" /><testcase classname="tests.test_constraints_extra.TestInequalityConstraint" name="test_le" time="0.000" /><testcase classname="tests.test_constraints_extra.TestInequalityConstraint" name="test_ge" time="0.000" /><testcase classname="tests.test_constraints_extra.TestInequalityConstraint" name="test_lt" time="0.000" /><testcase classname="tests.test_constraints_extra.TestInequalityConstraint" name="test_gt" time="0.000" /><testcase classname="tests.test_constraints_extra.TestInequalityConstraint" name="test_multi_coeff" time="0.001" /><testcase classname="tests.test_constraints_extra.TestInequalityConstraint" name="test_is_satisfied" time="0.000" /><testcase classname="tests.test_constraints_extra.TestInequalityConstraint" name="test_is_satisfied_all_operators" time="0.001" /><testcase classname="tests.test_constraints_extra.TestInequalityConstraint" name="test_invalid_operator" time="0.000" /><testcase classname="tests.test_constraints_extra.TestInequalityConstraint" name="test_invalid_operator_mask" time="0.000" /><testcase classname="tests.test_constraints_extra.TestInequalityConstraint" name="test_describe" time="0.000" /><testcase classname="tests.test_constraints_extra.TestInequalityConstraint" name="test_describe_coeff_one" time="0.000" /><testcase classname="tests.test_constraints_extra.TestInequalityConstraint" name="test_describe_coeff_neg_one" time="0.000" /><testcase classname="tests.test_constraints_extra.TestAtLeastNConstraint" name="test_at_least_one" time="0.001" /><testcase classname="tests.test_constraints_extra.TestAtLeastNConstraint" name="test_at_least_two" time="0.001" /><testcase classname="tests.test_constraints_extra.TestAtLeastNConstraint" name="test_threshold" time="0.001" /><testcase classname="tests.test_constraints_extra.TestAtLeastNConstraint" name="test_is_satisfied" time="0.000" /><testcase classname="tests.test_constraints_extra.TestAtLeastNConstraint" name="test_describe" time="0.000" /><testcase classname="tests.test_constraints_extra.TestAtLeastNConstraint" name="test_describe_with_label" time="0.000" /><testcase classname="tests.test_constraints_extra.TestAtLeastNConstraint" name="test_alias" time="0.000" /><testcase classname="tests.test_constraints_extra.TestCustomConstraint" name="test_simple_expression" time="0.001" /><testcase classname="tests.test_constraints_extra.TestCustomConstraint" name="test_compound_expression" time="0.001" /><testcase classname="tests.test_constraints_extra.TestCustomConstraint" name="test_is_satisfied" time="0.000" /><testcase classname="tests.test_constraints_extra.TestCustomConstraint" name="test_invalid_expression" time="0.001" /><testcase classname="tests.test_constraints_extra.TestCustomConstraint" name="test_invalid_is_satisfied" time="0.000" /><testcase classname="tests.test_constraints_extra.TestCustomConstraint" name="test_describe" time="0.000" /><testcase classname="tests.test_constraints_extra.TestApplyConstraints" name="test_single_constraint" time="0.001" /><testcase classname="tests.test_constraints_extra.TestApplyConstraints" name="test_multiple_constraints" time="0.001" /><testcase classname="tests.test_constraints_extra.TestApplyConstraints" name="test_no_constraints" time="0.000" /><testcase classname="tests.test_constraints_extra.TestApplyConstraints" name="test_all_filtered" time="0.001" /><testcase classname="tests.test_constraints_extra.TestApplyConstraints" name="test_mixed_constraints" time="0.002" /><testcase classname="tests.test_cosmo_adapter.TestCosmoAdapterProperties" name="test_name" time="0.000" /><testcase classname="tests.test_cosmo_adapter.TestCosmoAdapterProperties" name="test_description" time="0.000" /><testcase classname="tests.test_cosmo_adapter.TestCosmoAdapterProperties" name="test_get_descriptor_names" time="0.000" /><testcase classname="tests.test_cosmo_adapter.TestCosmoAdapterProperties" name="test_get_descriptors_metadata" time="0.000" /><testcase classname="tests.test_cosmo_adapter.TestCosmoAdapterProperties" name="test_parameterization_default" time="0.000" /><testcase classname="tests.test_cosmo_adapter.TestCosmoAdapterProperties" name="test_parameterization_custom" time="0.000" /><testcase classname="tests.test_cosmo_adapter.TestCosmoAdapterAvailability" name="test_is_available_returns_bool" time="0.000" /><testcase classname="tests.test_cosmo_adapter.TestCosmoAdapterComputeNoCosmiFiles" name="test_no_cosmi_files_returns_nan" time="0.001" /><testcase classname="tests.test_cosmo_adapter.TestCosmoAdapterComputeNoCosmiFiles" name="test_empty_cosmi_files" time="0.001" /><testcase classname="tests.test_cosmo_adapter.TestCosmoAdapterComputeWithCosmiFiles" name="test_missing_file_returns_nan" time="0.001" /><testcase classname="tests.test_cosmo_adapter.TestCosmoAdapterComputeWithCosmiFiles" name="test_fewer_cosmi_files_than_smiles" time="0.001" /><testcase classname="tests.test_cosmo_adapter.TestCosmoAdapterComputeWithCosmiFiles" name="test_successful_calculation_with_dict_result" time="0.002" /><testcase classname="tests.test_cosmo_adapter.TestCosmoAdapterComputeWithCosmiFiles" name="test_calculation_exception_returns_nan" time="0.002" /><testcase classname="tests.test_cosmo_adapter.TestCosmoAdapterComputeWithCosmiFiles" name="test_non_dict_result_returns_nan" time="0.002" /><testcase classname="tests.test_cosmo_adapter.TestCosmoDescriptorConstants" name="test_descriptor_keys" time="0.000" /><testcase classname="tests.test_cosmo_adapter.TestCosmoDescriptorConstants" name="test_descriptor_values_are_japanese" time="0.000" /><testcase classname="tests.test_cv_bias_evaluator.TestCVBiasResult" name="test_to_dict_basic" time="0.000" /><testcase classname="tests.test_cv_bias_evaluator.TestCVBiasResult" name="test_to_dict_with_ci" time="0.000" /><testcase classname="tests.test_cv_bias_evaluator.TestTibshiraniBias" name="test_basic_higher_is_better" time="0.000" /><testcase classname="tests.test_cv_bias_evaluator.TestTibshiraniBias" name="test_basic_lower_is_better" time="0.000" /><testcase classname="tests.test_cv_bias_evaluator.TestTibshiraniBias" name="test_single_param_zero_bias" time="0.000" /><testcase classname="tests.test_cv_bias_evaluator.TestTibshiraniBias" name="test_invalid_shape_raises" time="0.000" /><testcase classname="tests.test_cv_bias_evaluator.TestTibshiraniBias" name="test_param_values_in_details" time="0.000" /><testcase classname="tests.test_cv_bias_evaluator.TestTibshiraniBias" name="test_bias_per_fold_length" time="0.000" /><testcase classname="tests.test_cv_bias_evaluator.TestBBCCV" name="test_basic_classification" time="0.040" /><testcase classname="tests.test_cv_bias_evaluator.TestBBCCV" name="test_regression_mse" time="0.011" /><testcase classname="tests.test_cv_bias_evaluator.TestBBCCV" name="test_single_config_zero_bias" time="0.000" /><testcase classname="tests.test_cv_bias_evaluator.TestBBCCV" name="test_empty_predictions_raises" time="0.000" /><testcase classname="tests.test_cv_bias_evaluator.TestBBCCV" name="test_mismatched_length_raises" time="0.000" /><testcase classname="tests.test_cv_bias_evaluator.TestBBCCV" name="test_details_contain_config_info" time="0.009" /><testcase classname="tests.test_cv_bias_evaluator.TestBBCCV" name="test_reproducibility_with_seed" time="0.042" /><testcase classname="tests.test_cv_bias_evaluator.TestFormatBiasReport" name="test_tibshirani_format" time="0.000" /><testcase classname="tests.test_cv_bias_evaluator.TestFormatBiasReport" name="test_bbc_format_with_ci" time="0.000" /><testcase classname="tests.test_cv_bias_evaluator_extra.TestCVBiasResult" name="test_to_dict" time="0.000" /><testcase classname="tests.test_cv_bias_evaluator_extra.TestCVBiasResult" name="test_to_dict_with_ci" time="0.000" /><testcase classname="tests.test_cv_bias_evaluator_extra.TestTibshiraniBias" name="test_basic_higher_is_better" time="0.000" /><testcase classname="tests.test_cv_bias_evaluator_extra.TestTibshiraniBias" name="test_basic_lower_is_better" time="0.000" /><testcase classname="tests.test_cv_bias_evaluator_extra.TestTibshiraniBias" name="test_with_param_values" time="0.000" /><testcase classname="tests.test_cv_bias_evaluator_extra.TestTibshiraniBias" name="test_single_param" time="0.000" /><testcase classname="tests.test_cv_bias_evaluator_extra.TestTibshiraniBias" name="test_invalid_shape" time="0.000" /><testcase classname="tests.test_cv_bias_evaluator_extra.TestBBCCVBias" name="test_basic" time="0.010" /><testcase classname="tests.test_cv_bias_evaluator_extra.TestBBCCVBias" name="test_single_config" time="0.001" /><testcase classname="tests.test_cv_bias_evaluator_extra.TestBBCCVBias" name="test_empty_raises" time="0.000" /><testcase classname="tests.test_cv_bias_evaluator_extra.TestBBCCVBias" name="test_length_mismatch_raises" time="0.000" /><testcase classname="tests.test_cv_bias_evaluator_extra.TestBBCCVBias" name="test_lower_is_better" time="0.006" /><testcase classname="tests.test_cv_bias_evaluator_extra.TestFormatBiasReport" name="test_tibshirani" time="0.000" /><testcase classname="tests.test_cv_bias_evaluator_extra.TestFormatBiasReport" name="test_bbc_cv_with_ci" time="0.000" /><testcase classname="tests.test_cv_manager_comprehensive.TestWalkForwardSplit" name="test_basic_split" time="0.000" /><testcase classname="tests.test_cv_manager_comprehensive.TestWalkForwardSplit" name="test_with_gap" time="0.000" /><testcase classname="tests.test_cv_manager_comprehensive.TestWalkForwardSplit" name="test_min_train_size" time="0.000" /><testcase classname="tests.test_cv_manager_comprehensive.TestWalkForwardSplit" name="test_get_n_splits" time="0.000" /><testcase classname="tests.test_cv_manager_comprehensive.TestWalkForwardSplit" name="test_too_few_samples" time="0.000" /><testcase classname="tests.test_cv_manager_comprehensive.TestWalkForwardSplit" name="test_with_dataframe" time="0.000" /><testcase classname="tests.test_cv_manager_comprehensive.TestCVConfig" name="test_defaults" time="0.000" /><testcase classname="tests.test_cv_manager_comprehensive.TestCVConfig" name="test_custom" time="0.000" /><testcase classname="tests.test_cv_manager_comprehensive.TestGetCV" name="test_kfold" time="0.000" /><testcase classname="tests.test_cv_manager_comprehensive.TestGetCV" name="test_stratified_kfold" time="0.000" /><testcase classname="tests.test_cv_manager_comprehensive.TestGetCV" name="test_loo" time="0.001" /><testcase classname="tests.test_cv_manager_comprehensive.TestGetCV" name="test_walk_forward" time="0.000" /><testcase classname="tests.test_cv_manager_comprehensive.TestGetCV" name="test_timeseries" time="0.000" /><testcase classname="tests.test_cv_manager_comprehensive.TestGetCV" name="test_shuffle_split" time="0.000" /><testcase classname="tests.test_cv_manager_comprehensive.TestGetCV" name="test_repeated_kfold" time="0.000" /><testcase classname="tests.test_cv_manager_comprehensive.TestGetCV" name="test_predefined_split_without_test_fold_raises" time="0.000" /><testcase classname="tests.test_cv_manager_comprehensive.TestGetCV" name="test_predefined_split_with_test_fold" time="0.000" /><testcase classname="tests.test_cv_manager_comprehensive.TestGetCV" name="test_unknown_cv_raises" time="0.000" /><testcase classname="tests.test_cv_manager_comprehensive.TestGetCV" name="test_extra_params" time="0.000" /><testcase classname="tests.test_cv_manager_comprehensive.TestGetCV" name="test_all_registered_keys" time="0.002" /><testcase classname="tests.test_cv_manager_comprehensive.TestListCVMethods" name="test_regression" time="0.000" /><testcase classname="tests.test_cv_manager_comprehensive.TestListCVMethods" name="test_classification" time="0.000" /><testcase classname="tests.test_cv_manager_comprehensive.TestListCVMethods" name="test_filter_groups" time="0.000" /><testcase classname="tests.test_cv_manager_comprehensive.TestListCVMethods" name="test_filter_no_groups" time="0.000" /><testcase classname="tests.test_cv_manager_comprehensive.TestRunCrossValidation" name="test_basic_cv" time="0.013" /><testcase classname="tests.test_cv_manager_comprehensive.TestRunCrossValidation" name="test_timeseries_cv" time="0.012" /><testcase classname="tests.test_cv_manager_comprehensive.TestRunCrossValidation" name="test_walk_forward_cv" time="0.004" /><testcase classname="tests.test_cv_manager_extra.TestWalkForwardSplit" name="test_basic_split" time="0.000" /><testcase classname="tests.test_cv_manager_extra.TestWalkForwardSplit" name="test_with_gap" time="0.000" /><testcase classname="tests.test_cv_manager_extra.TestWalkForwardSplit" name="test_min_train_size" time="0.000" /><testcase classname="tests.test_cv_manager_extra.TestWalkForwardSplit" name="test_get_n_splits" time="0.000" /><testcase classname="tests.test_cv_manager_extra.TestWalkForwardSplit" name="test_too_small_data" time="0.000" /><testcase classname="tests.test_cv_manager_extra.TestGetCVClass" name="test_kfold" time="0.000" /><testcase classname="tests.test_cv_manager_extra.TestGetCVClass" name="test_stratified" time="0.000" /><testcase classname="tests.test_cv_manager_extra.TestGetCVClass" name="test_walk_forward" time="0.000" /><testcase classname="tests.test_cv_manager_extra.TestGetCVClass" name="test_group_kfold" time="0.000" /><testcase classname="tests.test_cv_manager_extra.TestGetCVClass" name="test_unknown_raises" time="0.000" /><testcase classname="tests.test_cv_manager_extra.TestCVConfig" name="test_defaults" time="0.000" /><testcase classname="tests.test_cv_manager_extra.TestCVConfig" name="test_get_cv_kfold" time="0.000" /><testcase classname="tests.test_cv_manager_extra.TestCVConfig" name="test_get_cv_stratified" time="0.000" /><testcase classname="tests.test_cv_manager_extra.TestCVConfig" name="test_get_cv_timeseries" time="0.000" /><testcase classname="tests.test_cv_manager_extra.TestCVConfig" name="test_get_cv_walk_forward" time="0.000" /><testcase classname="tests.test_cv_manager_extra.TestCVConfig" name="test_get_cv_shuffle_split" time="0.000" /><testcase classname="tests.test_cv_manager_extra.TestCVConfig" name="test_get_cv_predefined_no_fold_raises" time="0.000" /><testcase classname="tests.test_cv_manager_extra.TestCVConfig" name="test_extra_params" time="0.000" /><testcase classname="tests.test_cv_manager_extra.TestListCVMethods" name="test_regression" time="0.000" /><testcase classname="tests.test_cv_manager_extra.TestListCVMethods" name="test_classification" time="0.000" /><testcase classname="tests.test_cv_manager_extra.TestListCVMethods" name="test_filter_groups" time="0.000" /><testcase classname="tests.test_cv_manager_extra.TestListCVMethods" name="test_filter_no_groups" time="0.000" /><testcase classname="tests.test_cv_manager_extra.TestRunCV" name="test_basic_regression" time="0.006" /><testcase classname="tests.test_cv_manager_extra.TestRunCV" name="test_with_timeseries" time="0.003" /><testcase classname="tests.test_cv_manager_new" name="test_cv_aliases" time="0.001" /><testcase classname="tests.test_cv_manager_new" name="test_type_conversion" time="0.000" /><testcase classname="tests.test_cv_manager_new" name="test_bool_conversion" time="0.000" /><testcase classname="tests.test_cv_walkforward.TestWalkForwardSplit" name="test_basic_split" time="0.000" /><testcase classname="tests.test_cv_walkforward.TestWalkForwardSplit" name="test_train_before_test" time="0.000" /><testcase classname="tests.test_cv_walkforward.TestWalkForwardSplit" name="test_gap_parameter" time="0.000" /><testcase classname="tests.test_cv_walkforward.TestWalkForwardSplit" name="test_expanding_window" time="0.000" /><testcase classname="tests.test_cv_walkforward.TestWalkForwardSplit" name="test_too_few_samples_raises" time="0.000" /><testcase classname="tests.test_cv_walkforward.TestWalkForwardSplit" name="test_get_n_splits" time="0.000" /><testcase classname="tests.test_cv_walkforward.TestWalkForwardSplit" name="test_dataframe_input" time="0.000" /><testcase classname="tests.test_cv_walkforward.TestCVConfig" name="test_default_config" time="0.000" /><testcase classname="tests.test_cv_walkforward.TestCVConfig" name="test_kfold" time="0.000" /><testcase classname="tests.test_cv_walkforward.TestCVConfig" name="test_stratified_kfold" time="0.000" /><testcase classname="tests.test_cv_walkforward.TestCVConfig" name="test_loo" time="0.001" /><testcase classname="tests.test_cv_walkforward.TestCVConfig" name="test_timeseries" time="0.000" /><testcase classname="tests.test_cv_walkforward.TestCVConfig" name="test_walk_forward" time="0.000" /><testcase classname="tests.test_cv_walkforward.TestCVConfig" name="test_shuffle_split" time="0.000" /><testcase classname="tests.test_cv_walkforward.TestCVConfig" name="test_extra_params" time="0.000" /><testcase classname="tests.test_cv_walkforward.TestCVConfig" name="test_predefined_split_without_test_fold_raises" time="0.000" /><testcase classname="tests.test_cv_walkforward.TestCVConfig" name="test_invalid_cv_key" time="0.000" /><testcase classname="tests.test_cv_walkforward.TestListCVMethods" name="test_regression_methods" time="0.000" /><testcase classname="tests.test_cv_walkforward.TestListCVMethods" name="test_classification_methods" time="0.000" /><testcase classname="tests.test_cv_walkforward.TestListCVMethods" name="test_group_filter" time="0.000" /><testcase classname="tests.test_cv_walkforward.TestListCVMethods" name="test_no_group_filter" time="0.000" /><testcase classname="tests.test_cv_walkforward.TestListCVMethods" name="test_methods_have_required_fields" time="0.000" /><testcase classname="tests.test_cv_walkforward.TestRunCrossValidation" name="test_kfold_regression" time="0.004" /><testcase classname="tests.test_cv_walkforward.TestRunCrossValidation" name="test_timeseries_regression" time="0.003" /><testcase classname="tests.test_cv_walkforward.TestRunCrossValidation" name="test_walk_forward_regression" time="0.003" /><testcase classname="tests.test_cv_walkforward.TestRunCrossValidation" name="test_return_train_score" time="0.003" /><testcase classname="tests.test_data.TestTypeDetector" name="test_detect_returns_detection_result" time="0.004" /><testcase classname="tests.test_data.TestTypeDetector" name="test_detect_numeric_normal" time="0.003" /><testcase classname="tests.test_data.TestTypeDetector" name="test_detect_numeric_log" time="0.003" /><testcase classname="tests.test_data.TestTypeDetector" name="test_detect_binary" time="0.003" /><testcase classname="tests.test_data.TestTypeDetector" name="test_detect_category_low" time="0.003" /><testcase classname="tests.test_data.TestTypeDetector" name="test_detect_category_high" time="0.003" /><testcase classname="tests.test_data.TestTypeDetector" name="test_detect_smiles" time="0.004" /><testcase classname="tests.test_data.TestTypeDetector" name="test_detect_constant" time="0.003" /><testcase classname="tests.test_data.TestTypeDetector" name="test_smiles_in_smiles_columns" time="0.004" /><testcase classname="tests.test_data.TestTypeDetector" name="test_summary_table_shape" time="0.003" /><testcase classname="tests.test_data.TestTypeDetector" name="test_get_numeric_columns" time="0.003" /><testcase classname="tests.test_data.TestTypeDetector" name="test_datetime_detection" time="0.001" /><testcase classname="tests.test_data.TestTypeDetector" name="test_periodic_col_detection" time="0.000" /><testcase classname="tests.test_data.TestTypeDetector" name="test_null_rate_calculation" time="0.001" /><testcase classname="tests.test_data.TestLoader" name="test_load_csv" time="0.009" /><testcase classname="tests.test_data.TestLoader" name="test_load_excel" time="0.149" /><testcase classname="tests.test_data.TestLoader" name="test_load_parquet" time="0.020" /><testcase classname="tests.test_data.TestLoader" name="test_load_json" time="0.006" /><testcase classname="tests.test_data.TestLoader" name="test_load_sqlite" time="0.006" /><testcase classname="tests.test_data.TestLoader" name="test_load_nonexistent_file" time="0.001" /><testcase classname="tests.test_data.TestLoader" name="test_load_unsupported_ext" time="0.001" /><testcase classname="tests.test_data.TestLoader" name="test_load_from_bytes_csv" time="0.001" /><testcase classname="tests.test_data.TestLoader" name="test_save_csv" time="0.002" /><testcase classname="tests.test_data.TestLoader" name="test_get_supported_extensions" time="0.000" /><testcase classname="tests.test_data.TestLoader" name="test_load_csv_encodings" time="0.002" /><testcase classname="tests.test_data.TestLoader" name="test_load_sdf" time="0.006" /><testcase classname="tests.test_data.TestLoader" name="test_load_mol" time="0.002" /><testcase classname="tests.test_data.TestLoader" name="test_load_from_bytes_exhaustive" time="0.003" /><testcase classname="tests.test_data.TestLoader" name="test_save_all_formats_detailed" time="0.014" /><testcase classname="tests.test_data.TestPreprocessor" name="test_build_returns_column_transformer" time="0.004" /><testcase classname="tests.test_data.TestPreprocessor" name="test_fit_transform_shape" time="0.011" /><testcase classname="tests.test_data.TestPreprocessor" name="test_build_excludes_target_col" time="0.018" /><testcase classname="tests.test_data.TestPreprocessor" name="test_log_transformer" time="0.000" /><testcase classname="tests.test_data.TestPreprocessor" name="test_sincos_transformer" time="0.000" /><testcase classname="tests.test_data.TestPreprocessor" name="test_transformer_property_raises_before_build" time="0.000" /><testcase classname="tests.test_data.TestPreprocessor" name="test_build_full_pipeline" time="0.012" /><testcase classname="tests.test_data.TestPreprocessor" name="test_categorical_encoders_all" time="0.015" /><testcase classname="tests.test_data.TestPreprocessor" name="test_categorical_encoders_fallback" time="0.016" /><testcase classname="tests.test_data.TestPreprocessor" name="test_custom_transformers_exhaustive" time="0.000" /><testcase classname="tests.test_data.TestPreprocessor" name="test_all_imputers_and_scalers" time="0.009" /><testcase classname="tests.test_data.TestPreprocessor" name="test_pipeline_with_missing_indicator" time="0.003" /><testcase classname="tests.test_data_cleaner.TestDropColumns" name="test_basic_drop" time="0.001" /><testcase classname="tests.test_data_cleaner.TestDropColumns" name="test_drop_single_column" time="0.001" /><testcase classname="tests.test_data_cleaner.TestDropColumns" name="test_drop_nonexistent_column_raises" time="0.001" /><testcase classname="tests.test_data_cleaner.TestDropColumns" name="test_drop_empty_list_raises" time="0.001" /><testcase classname="tests.test_data_cleaner.TestDropColumns" name="test_drop_partial_nonexistent" time="0.001" /><testcase classname="tests.test_data_cleaner.TestDropColumns" name="test_action_details" time="0.001" /><testcase classname="tests.test_data_cleaner.TestDropColumns" name="test_action_timestamp_format" time="0.001" /><testcase classname="tests.test_data_cleaner.TestDropRowsWithMissing" name="test_basic_drop_any_missing" time="0.001" /><testcase classname="tests.test_data_cleaner.TestDropRowsWithMissing" name="test_threshold_50_percent" time="0.001" /><testcase classname="tests.test_data_cleaner.TestDropRowsWithMissing" name="test_threshold_100_removes_none" time="0.001" /><testcase classname="tests.test_data_cleaner.TestDropRowsWithMissing" name="test_invalid_threshold_raises" time="0.001" /><testcase classname="tests.test_data_cleaner.TestDropRowsWithMissing" name="test_subset_columns" time="0.001" /><testcase classname="tests.test_data_cleaner.TestDropRowsWithMissing" name="test_subset_with_missing" time="0.001" /><testcase classname="tests.test_data_cleaner.TestDropRowsWithMissing" name="test_empty_subset" time="0.001" /><testcase classname="tests.test_data_cleaner.TestDropRowsWithMissing" name="test_reset_index" time="0.001" /><testcase classname="tests.test_data_cleaner.TestRemoveConstantColumns" name="test_basic_remove" time="0.001" /><testcase classname="tests.test_data_cleaner.TestRemoveConstantColumns" name="test_no_constant_columns" time="0.001" /><testcase classname="tests.test_data_cleaner.TestRemoveConstantColumns" name="test_all_const
[...]
ict" time="0.004" /><testcase classname="tests.test_rgf_comprehensive.TestRGFRegressor" name="test_n_features_in" time="0.002" /><testcase classname="tests.test_rgf_comprehensive.TestRGFRegressor" name="test_clone_compatibility" time="0.001" /><testcase classname="tests.test_rgf_comprehensive.TestRGFRegressor" name="test_cross_val_score" time="0.007" /><testcase classname="tests.test_rgf_comprehensive.TestRGFRegressor" name="test_pipeline_compatibility" time="0.003" /><testcase classname="tests.test_rgf_comprehensive.TestRGFRegressor" name="test_subsample" time="0.004" /><testcase classname="tests.test_rgf_comprehensive.TestRGFRegressor" name="test_l1_regularization" time="0.004" /><testcase classname="tests.test_rgf_comprehensive.TestRGFRegressor" name="test_small_dataset" time="0.001" /><testcase classname="tests.test_rgf_comprehensive.TestRGFClassifier" name="test_binary_fit_predict" time="0.004" /><testcase classname="tests.test_rgf_comprehensive.TestRGFClassifier" name="test_binary_predict_proba" time="0.004" /><testcase classname="tests.test_rgf_comprehensive.TestRGFClassifier" name="test_multiclass_fit_predict" time="0.011" /><testcase classname="tests.test_rgf_comprehensive.TestRGFClassifier" name="test_multiclass_predict_proba" time="0.010" /><testcase classname="tests.test_rgf_comprehensive.TestRGFClassifier" name="test_clone_compatibility" time="0.000" /><testcase classname="tests.test_rgf_comprehensive.TestRGFClassifier" name="test_binary_subsample" time="0.004" /><testcase classname="tests.test_rgf_comprehensive.TestRGFCore" name="test_init_forest_state" time="0.000" /><testcase classname="tests.test_rgf_comprehensive.TestRGFCore" name="test_predict_from_weights_empty" time="0.000" /><testcase classname="tests.test_rgf_extra.TestRGFUtilities" name="test_to_numpy_array" time="0.000" /><testcase classname="tests.test_rgf_extra.TestRGFUtilities" name="test_to_numpy_dataframe" time="0.000" /><testcase classname="tests.test_rgf_extra.TestRGFUtilities" name="test_sigmoid" time="0.000" /><testcase classname="tests.test_rgf_extra.TestRGFUtilities" name="test_softmax" time="0.000" /><testcase classname="tests.test_rgf_extra.TestRGFRegressor" name="test_fit_predict" time="0.003" /><testcase classname="tests.test_rgf_extra.TestRGFRegressor" name="test_with_l1" time="0.002" /><testcase classname="tests.test_rgf_extra.TestRGFRegressor" name="test_subsample" time="0.002" /><testcase classname="tests.test_rgf_extra.TestRGFRegressor" name="test_with_dataframe" time="0.002" /><testcase classname="tests.test_rgf_extra.TestRGFClassifier" name="test_binary_fit_predict" time="0.003" /><testcase classname="tests.test_rgf_extra.TestRGFClassifier" name="test_binary_predict_proba" time="0.002" /><testcase classname="tests.test_rgf_extra.TestRGFClassifier" name="test_multiclass" time="0.006" /><testcase classname="tests.test_rgf_extra.TestRGFClassifier" name="test_multiclass_proba" time="0.005" /><testcase classname="tests.test_rgf_extra.TestRGFClassifier" name="test_with_l1_subsample" time="0.002" /><testcase classname="tests.test_search_space_extra.TestVariable" name="test_continuous" time="0.000" /><testcase classname="tests.test_search_space_extra.TestVariable" name="test_discrete" time="0.000" /><testcase classname="tests.test_search_space_extra.TestVariable" name="test_categorical" time="0.000" /><testcase classname="tests.test_search_space_extra.TestVariable" name="test_grid_continuous" time="0.000" /><testcase classname="tests.test_search_space_extra.TestVariable" name="test_grid_discrete" time="0.000" /><testcase classname="tests.test_search_space_extra.TestVariable" name="test_grid_categorical" time="0.000" /><testcase classname="tests.test_search_space_extra.TestVariable" name="test_validation_no_bounds" time="0.000" /><testcase classname="tests.test_search_space_extra.TestVariable" name="test_validation_lo_gt_hi" time="0.000" /><testcase classname="tests.test_search_space_extra.TestVariable" name="test_validation_discrete_no_step" time="0.000" /><testcase classname="tests.test_search_space_extra.TestVariable" name="test_validation_categorical_empty" time="0.000" /><testcase classname="tests.test_search_space_extra.TestVariable" name="test_validation_categorical_none" time="0.000" /><testcase classname="tests.test_search_space_extra.TestSearchSpaceBasic" name="test_add_variables" time="0.000" /><testcase classname="tests.test_search_space_extra.TestSearchSpaceBasic" name="test_init_with_list" time="0.000" /><testcase classname="tests.test_search_space_extra.TestSearchSpaceBasic" name="test_estimate_grid_size" time="0.000" /><testcase classname="tests.test_search_space_extra.TestSearchSpaceBasic" name="test_estimate_empty" time="0.000" /><testcase classname="tests.test_search_space_extra.TestSearchSpaceBasic" name="test_auto_recommend_grid" time="0.000" /><testcase classname="tests.test_search_space_extra.TestSearchSpaceBasic" name="test_auto_recommend_random" time="0.000" /><testcase classname="tests.test_search_space_extra.TestGenerateCandidates" name="test_grid" time="0.001" /><testcase classname="tests.test_search_space_extra.TestGenerateCandidates" name="test_random" time="0.001" /><testcase classname="tests.test_search_space_extra.TestGenerateCandidates" name="test_lhs" time="0.001" /><testcase classname="tests.test_search_space_extra.TestGenerateCandidates" name="test_random_lhs" time="0.001" /><testcase classname="tests.test_search_space_extra.TestGenerateCandidates" name="test_grid_downsample" time="0.001" /><testcase classname="tests.test_search_space_extra.TestGenerateCandidates" name="test_auto" time="0.001" /><testcase classname="tests.test_search_space_extra.TestGenerateCandidates" name="test_invalid_method" time="0.000" /><testcase classname="tests.test_search_space_extra.TestGenerateCandidates" name="test_empty_variables" time="0.000" /><testcase classname="tests.test_search_space_extra.TestGenerateCandidates" name="test_lhs_with_discrete" time="0.001" /><testcase classname="tests.test_search_space_extra.TestGenerateCandidates" name="test_lhs_with_categorical" time="0.001" /><testcase classname="tests.test_search_space_extra.TestFromDataFrame" name="test_numeric_columns" time="0.001" /><testcase classname="tests.test_search_space_extra.TestFromDataFrame" name="test_integer_columns" time="0.001" /><testcase classname="tests.test_search_space_extra.TestFromDataFrame" name="test_specific_columns" time="0.000" /><testcase classname="tests.test_search_space_extra.TestFromDataFrame" name="test_margin" time="0.000" /><testcase classname="tests.test_search_space_extra.TestFromDataFrame" name="test_categorical_column" time="0.002" /><testcase classname="tests.test_shap_explainer_extra.TestShapConfig" name="test_defaults" time="0.000" /><testcase classname="tests.test_shap_explainer_extra.TestShapConfig" name="test_custom" time="0.000" /><testcase classname="tests.test_shap_explainer_extra.TestShapResult" name="test_basic_properties" time="0.000" /><testcase classname="tests.test_shap_explainer_extra.TestShapResult" name="test_multiclass" time="0.000" /><testcase classname="tests.test_shap_explainer_extra.TestShapResult" name="test_feature_importance" time="0.001" /><testcase classname="tests.test_shap_explainer_extra.TestShapResult" name="test_top_features" time="0.001" /><testcase classname="tests.test_shap_explainer_extra.TestShapExplainer" name="test_auto_select_tree" time="0.003" /><testcase classname="tests.test_shap_explainer_extra.TestShapExplainer" name="test_explain_tree_model" time="0.004" /><testcase classname="tests.test_shap_explainer_extra.TestShapExplainer" name="test_explain_linear_model" time="0.002" /><testcase classname="tests.test_sri.TestSRIDecomposer" name="test_basic_decomposition" time="0.000" /><testcase classname="tests.test_sri.TestSRIDecomposer" name="test_symmetry" time="0.001" /><testcase classname="tests.test_sri.TestSRIDecomposer" name="test_diagonal_zero" time="0.000" /><testcase classname="tests.test_sri.TestSRIDecomposer" name="test_independence_nonnegative" time="0.000" /><testcase classname="tests.test_sri.TestSRIDecomposer" name="test_total_sri_tuple" time="0.000" /><testcase classname="tests.test_sri.TestSRIDecomposer" name="test_center_false" time="0.000" /><testcase classname="tests.test_sri.TestSRIDecomposer" name="test_correlated_features_high_redundancy" time="0.000" /><testcase classname="tests.test_sri.TestSRIDecomposer" name="test_single_feature" time="0.000" /><testcase classname="tests.test_sri.TestSRIDecomposer" name="test_3d_shap_multiclass" time="0.000" /><testcase classname="tests.test_sri.TestSRIDecomposer" name="test_invalid_1d_raises" time="0.000" /><testcase classname="tests.test_sri.TestSRIResult" name="test_summary_df" time="0.001" /><testcase classname="tests.test_sri.TestSRIResult" name="test_summary_df_normalized" time="0.001" /><testcase classname="tests.test_sri.TestSRIResult" name="test_pairwise_df" time="0.001" /><testcase classname="tests.test_sri.TestSelectFeatures" name="test_top_n" time="0.000" /><testcase classname="tests.test_sri.TestSelectFeatures" name="test_threshold" time="0.000" /><testcase classname="tests.test_sri.TestSelectFeatures" name="test_no_filter" time="0.000" /><testcase classname="tests.test_sri_extra.TestSRIDecomposer" name="test_basic_decompose" time="0.000" /><testcase classname="tests.test_sri_extra.TestSRIDecomposer" name="test_no_center" time="0.000" /><testcase classname="tests.test_sri_extra.TestSRIDecomposer" name="test_multiclass" time="0.000" /><testcase classname="tests.test_sri_extra.TestSRIDecomposer" name="test_invalid_shape" time="0.000" /><testcase classname="tests.test_sri_extra.TestSRIResult" name="test_summary_df" time="0.002" /><testcase classname="tests.test_sri_extra.TestSRIResult" name="test_pairwise_df" time="0.001" /><testcase classname="tests.test_sri_extra.TestSelectFeatures" name="test_top_n" time="0.000" /><testcase classname="tests.test_sri_extra.TestSelectFeatures" name="test_threshold" time="0.000" /><testcase classname="tests.test_sri_extra.TestSelectFeatures" name="test_all" time="0.000" /><testcase classname="tests.test_tuner.TestTunerConfig" name="test_default_values" time="0.000" /><testcase classname="tests.test_tuner.TestTunerConfig" name="test_custom_values" time="0.000" /><testcase classname="tests.test_tuner.TestGridSearch" name="test_grid_search_basic" time="0.007" /><testcase classname="tests.test_tuner.TestGridSearch" name="test_grid_search_refit" time="0.004" /><testcase classname="tests.test_tuner.TestRandomSearch" name="test_random_search_basic" time="0.008" /><testcase classname="tests.test_tuner.TestRandomSearch" name="test_random_search_reproducible" time="0.016" /><testcase classname="tests.test_tuner.TestHalvingSearch" name="test_halving_grid" time="0.010" /><testcase classname="tests.test_tuner.TestHalvingSearch" name="test_halving_random" time="0.014" /><testcase classname="tests.test_tuner.TestOptuna" name="test_optuna_or_fallback" time="0.017" /><testcase classname="tests.test_tuner.TestBayesSearch" name="test_bayes_or_fallback" time="0.009" /><testcase classname="tests.test_tuner.TestErrorHandling" name="test_unknown_method_raises" time="0.000" /><testcase classname="tests.test_tuner.TestErrorHandling" name="test_empty_param_grid" time="0.003" /><testcase classname="tests.test_tuner.TestCVResults" name="test_cv_results_is_dataframe" time="0.004" /><testcase classname="tests.test_tuner_comprehensive.TestTunerConfig" name="test_defaults" time="0.000" /><testcase classname="tests.test_tuner_comprehensive.TestTunerConfig" name="test_custom" time="0.000" /><testcase classname="tests.test_tuner_comprehensive.TestConvertOptunaGrid" name="test_float_grid" time="0.001" /><testcase classname="tests.test_tuner_comprehensive.TestConvertOptunaGrid" name="test_float_log_grid" time="0.001" /><testcase classname="tests.test_tuner_comprehensive.TestConvertOptunaGrid" name="test_int_grid" time="0.001" /><testcase classname="tests.test_tuner_comprehensive.TestConvertOptunaGrid" name="test_categorical_grid" time="0.000" /><testcase classname="tests.test_tuner_comprehensive.TestConvertOptunaGrid" name="test_passthrough_list" time="0.000" /><testcase classname="tests.test_tuner_comprehensive.TestTuneGrid" name="test_grid_search" time="0.013" /><testcase classname="tests.test_tuner_comprehensive.TestTuneGrid" name="test_random_search" time="0.013" /><testcase classname="tests.test_tuner_comprehensive.TestTuneUnknown" name="test_unknown_method" time="0.000" /><testcase classname="tests.test_tuner_comprehensive.TestTuneHalving" name="test_halving_grid" time="0.027" /><testcase classname="tests.test_tuner_comprehensive.TestTuneHalving" name="test_halving_random" time="0.027" /><testcase classname="tests.test_tuner_comprehensive.TestTuneOptuna" name="test_optuna_or_fallback" time="0.037" /><testcase classname="tests.test_tuner_comprehensive.TestTuneBayes" name="test_bayes_or_fallback" time="0.014" /><testcase classname="tests.test_tuner_extra.TestTunerConfig" name="test_defaults" time="0.000" /><testcase classname="tests.test_tuner_extra.TestTunerConfig" name="test_custom" time="0.000" /><testcase classname="tests.test_tuner_extra.TestConvertOptunaGrid" name="test_float_param" time="0.001" /><testcase classname="tests.test_tuner_extra.TestConvertOptunaGrid" name="test_float_log" time="0.001" /><testcase classname="tests.test_tuner_extra.TestConvertOptunaGrid" name="test_int_param" time="0.001" /><testcase classname="tests.test_tuner_extra.TestConvertOptunaGrid" name="test_categorical_param" time="0.000" /><testcase classname="tests.test_tuner_extra.TestConvertOptunaGrid" name="test_unknown_type" time="0.000" /><testcase classname="tests.test_tuner_extra.TestConvertOptunaGrid" name="test_list_passthrough" time="0.000" /><testcase classname="tests.test_tuner_extra.TestConvertOptunaGrid" name="test_mixed_grid" time="0.001" /><testcase classname="tests.test_tuner_extra.TestConvertOptunaGrid" name="test_empty_grid" time="0.000" /><testcase classname="tests.test_tuner_extra.TestTuneGrid" name="test_grid_search" time="0.006" /><testcase classname="tests.test_tuner_extra.TestTuneRandom" name="test_random_search" time="0.007" /><testcase classname="tests.test_tuner_extra.TestTuneHalving" name="test_halving_grid" time="0.009" /><testcase classname="tests.test_tuner_extra.TestTuneHalving" name="test_halving_random" time="0.009" /><testcase classname="tests.test_tuner_extra.TestTuneOptuna" name="test_optuna_or_fallback" time="0.007" /><testcase classname="tests.test_tuner_extra.TestTuneBayes" name="test_bayes_or_fallback" time="0.005" /><testcase classname="tests.test_tuner_extra.TestTuneUnknown" name="test_unknown_method_raises" time="0.000" /><testcase classname="tests.test_type_detector_comprehensive.TestColumnInfo" name="test_is_numeric" time="0.000" /><testcase classname="tests.test_type_detector_comprehensive.TestColumnInfo" name="test_is_not_numeric" time="0.000" /><testcase classname="tests.test_type_detector_comprehensive.TestColumnInfo" name="test_is_categorical" time="0.000" /><testcase classname="tests.test_type_detector_comprehensive.TestColumnInfo" name="test_is_not_categorical" time="0.000" /><testcase classname="tests.test_type_detector_comprehensive.TestTypeDetector" name="test_constant_column" time="0.001" /><testcase classname="tests.test_type_detector_comprehensive.TestTypeDetector" name="test_binary_numeric" time="0.001" /><testcase classname="tests.test_type_detector_comprehensive.TestTypeDetector" name="test_binary_string" time="0.001" /><testcase classname="tests.test_type_detector_comprehensive.TestTypeDetector" name="test_category_low" time="0.001" /><testcase classname="tests.test_type_detector_comprehensive.TestTypeDetector" name="test_category_high" time="0.001" /><testcase classname="tests.test_type_detector_comprehensive.TestTypeDetector" name="test_numeric_normal" time="0.001" /><testcase classname="tests.test_type_detector_comprehensive.TestTypeDetector" name="test_numeric_log_skewed" time="0.001" /><testcase classname="tests.test_type_detector_comprehensive.TestTypeDetector" name="test_datetime_column" time="0.001" /><testcase classname="tests.test_type_detector_comprehensive.TestTypeDetector" name="test_datetime_string" time="0.001" /><testcase classname="tests.test_type_detector_comprehensive.TestTypeDetector" name="test_text_column" time="0.001" /><testcase classname="tests.test_type_detector_comprehensive.TestTypeDetector" name="test_smiles_by_name" time="0.001" /><testcase classname="tests.test_type_detector_comprehensive.TestTypeDetector" name="test_periodic_column" time="0.000" /><testcase classname="tests.test_type_detector_comprehensive.TestTypeDetector" name="test_null_handling" time="0.001" /><testcase classname="tests.test_type_detector_comprehensive.TestDetectionResult" name="test_summary_table" time="0.002" /><testcase classname="tests.test_type_detector_comprehensive.TestDetectionResult" name="test_numeric_columns" time="0.002" /><testcase classname="tests.test_type_detector_comprehensive.TestDetectionResult" name="test_categorical_columns" time="0.001" /><testcase classname="tests.test_type_detector_comprehensive.TestDetectionResult" name="test_ignored_columns" time="0.001" /><testcase classname="tests.test_type_detector_comprehensive.TestDetectionResult" name="test_get_columns_by_type" time="0.001" /><testcase classname="tests.test_type_detector_extra.TestColumnInfo" name="test_is_numeric" time="0.000" /><testcase classname="tests.test_type_detector_extra.TestColumnInfo" name="test_is_categorical" time="0.000" /><testcase classname="tests.test_type_detector_extra.TestColumnInfo" name="test_numeric_log" time="0.000" /><testcase classname="tests.test_type_detector_extra.TestColumnInfo" name="test_categorical_high" time="0.000" /><testcase classname="tests.test_type_detector_extra.TestTypeDetector" name="test_numeric_normal" time="0.001" /><testcase classname="tests.test_type_detector_extra.TestTypeDetector" name="test_numeric_log" time="0.001" /><testcase classname="tests.test_type_detector_extra.TestTypeDetector" name="test_binary_numeric" time="0.001" /><testcase classname="tests.test_type_detector_extra.TestTypeDetector" name="test_binary_string" time="0.001" /><testcase classname="tests.test_type_detector_extra.TestTypeDetector" name="test_category_low" time="0.001" /><testcase classname="tests.test_type_detector_extra.TestTypeDetector" name="test_category_high" time="0.001" /><testcase classname="tests.test_type_detector_extra.TestTypeDetector" name="test_constant" time="0.000" /><testcase classname="tests.test_type_detector_extra.TestTypeDetector" name="test_datetime" time="0.001" /><testcase classname="tests.test_type_detector_extra.TestTypeDetector" name="test_text_long" time="0.001" /><testcase classname="tests.test_type_detector_extra.TestTypeDetector" name="test_smiles_by_name" time="0.000" /><testcase classname="tests.test_type_detector_extra.TestTypeDetector" name="test_periodic_user_specified" time="0.000" /><testcase classname="tests.test_type_detector_extra.TestTypeDetector" name="test_null_rate" time="0.001" /><testcase classname="tests.test_type_detector_extra.TestDetectionResult" name="test_numeric_columns" time="0.002" /><testcase classname="tests.test_type_detector_extra.TestDetectionResult" name="test_categorical_columns" time="0.002" /><testcase classname="tests.test_type_detector_extra.TestDetectionResult" name="test_binary_columns" time="0.002" /><testcase classname="tests.test_type_detector_extra.TestDetectionResult" name="test_constant_columns" time="0.002" /><testcase classname="tests.test_type_detector_extra.TestDetectionResult" name="test_summary_table" time="0.002" /><testcase classname="tests.test_type_detector_extra.TestDetectionResult" name="test_ignored_columns" time="0.002" /><testcase classname="tests.test_type_detector_extra.TestDetectionResult" name="test_get_columns_by_type" time="0.002" /></testsuite></testsuites>